{"/home/node/app/src/category/domain/category.entity.ts": {"path":"/home/node/app/src/category/domain/category.entity.ts","all":false,"statementMap":{"0":{"start":{"line":1,"column":0},"end":{"line":1,"column":52}},"1":{"start":{"line":2,"column":0},"end":{"line":2,"column":88}},"2":{"start":{"line":3,"column":0},"end":{"line":3,"column":63}},"3":{"start":{"line":4,"column":0},"end":{"line":4,"column":65}},"4":{"start":{"line":5,"column":0},"end":{"line":5,"column":64}},"5":{"start":{"line":6,"column":0},"end":{"line":6,"column":0}},"6":{"start":{"line":7,"column":0},"end":{"line":7,"column":40}},"7":{"start":{"line":8,"column":0},"end":{"line":8,"column":21}},"8":{"start":{"line":9,"column":0},"end":{"line":9,"column":15}},"9":{"start":{"line":10,"column":0},"end":{"line":10,"column":30}},"10":{"start":{"line":11,"column":0},"end":{"line":11,"column":22}},"11":{"start":{"line":12,"column":0},"end":{"line":12,"column":20}},"12":{"start":{"line":13,"column":0},"end":{"line":13,"column":1}},"13":{"start":{"line":14,"column":0},"end":{"line":14,"column":0}},"14":{"start":{"line":15,"column":0},"end":{"line":15,"column":37}},"15":{"start":{"line":16,"column":0},"end":{"line":16,"column":15}},"16":{"start":{"line":17,"column":0},"end":{"line":17,"column":30}},"17":{"start":{"line":18,"column":0},"end":{"line":18,"column":22}},"18":{"start":{"line":19,"column":0},"end":{"line":19,"column":20}},"19":{"start":{"line":20,"column":0},"end":{"line":20,"column":1}},"20":{"start":{"line":21,"column":0},"end":{"line":21,"column":0}},"21":{"start":{"line":22,"column":0},"end":{"line":22,"column":38}},"22":{"start":{"line":23,"column":0},"end":{"line":23,"column":20}},"23":{"start":{"line":24,"column":0},"end":{"line":24,"column":15}},"24":{"start":{"line":25,"column":0},"end":{"line":25,"column":29}},"25":{"start":{"line":26,"column":0},"end":{"line":26,"column":21}},"26":{"start":{"line":27,"column":0},"end":{"line":27,"column":19}},"27":{"start":{"line":28,"column":0},"end":{"line":28,"column":0}},"28":{"start":{"line":29,"column":0},"end":{"line":29,"column":48}},"29":{"start":{"line":30,"column":0},"end":{"line":30,"column":12}},"30":{"start":{"line":31,"column":0},"end":{"line":31,"column":58}},"31":{"start":{"line":32,"column":0},"end":{"line":32,"column":27}},"32":{"start":{"line":33,"column":0},"end":{"line":33,"column":49}},"33":{"start":{"line":34,"column":0},"end":{"line":34,"column":45}},"34":{"start":{"line":35,"column":0},"end":{"line":35,"column":53}},"35":{"start":{"line":36,"column":0},"end":{"line":36,"column":3}},"36":{"start":{"line":37,"column":0},"end":{"line":37,"column":0}},"37":{"start":{"line":38,"column":0},"end":{"line":38,"column":32}},"38":{"start":{"line":39,"column":0},"end":{"line":39,"column":28}},"39":{"start":{"line":40,"column":0},"end":{"line":40,"column":3}},"40":{"start":{"line":41,"column":0},"end":{"line":41,"column":0}},"41":{"start":{"line":42,"column":0},"end":{"line":42,"column":19}},"42":{"start":{"line":43,"column":0},"end":{"line":43,"column":23}},"43":{"start":{"line":44,"column":0},"end":{"line":44,"column":57}},"44":{"start":{"line":45,"column":0},"end":{"line":45,"column":56}},"45":{"start":{"line":46,"column":0},"end":{"line":46,"column":32}},"46":{"start":{"line":47,"column":0},"end":{"line":47,"column":20}},"47":{"start":{"line":48,"column":0},"end":{"line":48,"column":3}},"48":{"start":{"line":49,"column":0},"end":{"line":49,"column":0}},"49":{"start":{"line":50,"column":0},"end":{"line":50,"column":62}},"50":{"start":{"line":51,"column":0},"end":{"line":51,"column":31}},"51":{"start":{"line":52,"column":0},"end":{"line":52,"column":16}},"52":{"start":{"line":53,"column":0},"end":{"line":53,"column":3}},"53":{"start":{"line":54,"column":0},"end":{"line":54,"column":0}},"54":{"start":{"line":55,"column":0},"end":{"line":55,"column":34}},"55":{"start":{"line":56,"column":0},"end":{"line":56,"column":21}},"56":{"start":{"line":57,"column":0},"end":{"line":57,"column":28}},"57":{"start":{"line":58,"column":0},"end":{"line":58,"column":3}},"58":{"start":{"line":59,"column":0},"end":{"line":59,"column":0}},"59":{"start":{"line":60,"column":0},"end":{"line":60,"column":42}},"60":{"start":{"line":61,"column":0},"end":{"line":61,"column":35}},"61":{"start":{"line":62,"column":0},"end":{"line":62,"column":28}},"62":{"start":{"line":63,"column":0},"end":{"line":63,"column":3}},"63":{"start":{"line":64,"column":0},"end":{"line":64,"column":0}},"64":{"start":{"line":65,"column":0},"end":{"line":65,"column":14}},"65":{"start":{"line":66,"column":0},"end":{"line":66,"column":26}},"66":{"start":{"line":67,"column":0},"end":{"line":67,"column":3}},"67":{"start":{"line":68,"column":0},"end":{"line":68,"column":0}},"68":{"start":{"line":69,"column":0},"end":{"line":69,"column":16}},"69":{"start":{"line":70,"column":0},"end":{"line":70,"column":27}},"70":{"start":{"line":71,"column":0},"end":{"line":71,"column":3}},"71":{"start":{"line":72,"column":0},"end":{"line":72,"column":0}},"72":{"start":{"line":73,"column":0},"end":{"line":73,"column":37}},"73":{"start":{"line":74,"column":0},"end":{"line":74,"column":56}},"74":{"start":{"line":75,"column":0},"end":{"line":75,"column":47}},"75":{"start":{"line":76,"column":0},"end":{"line":76,"column":17}},"76":{"start":{"line":77,"column":0},"end":{"line":77,"column":56}},"77":{"start":{"line":78,"column":0},"end":{"line":78,"column":3}},"78":{"start":{"line":79,"column":0},"end":{"line":79,"column":0}},"79":{"start":{"line":80,"column":0},"end":{"line":80,"column":12}},"80":{"start":{"line":81,"column":0},"end":{"line":81,"column":12}},"81":{"start":{"line":82,"column":0},"end":{"line":82,"column":14}},"82":{"start":{"line":83,"column":0},"end":{"line":83,"column":39}},"83":{"start":{"line":84,"column":0},"end":{"line":84,"column":5}},"84":{"start":{"line":85,"column":0},"end":{"line":85,"column":3}},"85":{"start":{"line":86,"column":0},"end":{"line":86,"column":1}},"86":{"start":{"line":87,"column":0},"end":{"line":87,"column":31}},"87":{"start":{"line":88,"column":0},"end":{"line":88,"column":13}}},"s":{"0":1,"1":1,"2":1,"3":1,"4":1,"5":1,"6":1,"7":1,"8":1,"9":1,"10":1,"11":1,"12":1,"13":1,"14":1,"15":1,"16":1,"17":1,"18":1,"19":1,"20":1,"21":1,"22":29,"23":29,"24":29,"25":29,"26":29,"27":29,"28":29,"29":29,"30":29,"31":29,"32":29,"33":29,"34":29,"35":29,"36":29,"37":29,"38":0,"39":0,"40":29,"41":29,"42":29,"43":29,"44":27,"45":27,"46":27,"47":27,"48":29,"49":29,"50":1,"51":1,"52":1,"53":29,"54":29,"55":3,"56":3,"57":3,"58":29,"59":29,"60":1,"61":1,"62":1,"63":29,"64":29,"65":1,"66":1,"67":29,"68":29,"69":1,"70":1,"71":29,"72":29,"73":31,"74":31,"75":31,"76":31,"77":31,"78":29,"79":29,"80":0,"81":0,"82":0,"83":0,"84":0,"85":29,"86":1,"87":1},"branchMap":{"0":{"type":"branch","line":22,"loc":{"start":{"line":22,"column":7},"end":{"line":86,"column":1}},"locations":[{"start":{"line":22,"column":7},"end":{"line":86,"column":1}}]},"1":{"type":"branch","line":29,"loc":{"start":{"line":29,"column":2},"end":{"line":36,"column":3}},"locations":[{"start":{"line":29,"column":2},"end":{"line":36,"column":3}}]},"2":{"type":"branch","line":31,"loc":{"start":{"line":31,"column":40},"end":{"line":31,"column":58}},"locations":[{"start":{"line":31,"column":40},"end":{"line":31,"column":58}}]},"3":{"type":"branch","line":33,"loc":{"start":{"line":33,"column":40},"end":{"line":33,"column":49}},"locations":[{"start":{"line":33,"column":40},"end":{"line":33,"column":49}}]},"4":{"type":"branch","line":34,"loc":{"start":{"line":34,"column":36},"end":{"line":34,"column":45}},"locations":[{"start":{"line":34,"column":36},"end":{"line":34,"column":45}}]},"5":{"type":"branch","line":35,"loc":{"start":{"line":35,"column":38},"end":{"line":35,"column":53}},"locations":[{"start":{"line":35,"column":38},"end":{"line":35,"column":53}}]},"6":{"type":"branch","line":44,"loc":{"start":{"line":44,"column":9},"end":{"line":48,"column":3}},"locations":[{"start":{"line":44,"column":9},"end":{"line":48,"column":3}}]},"7":{"type":"branch","line":50,"loc":{"start":{"line":50,"column":2},"end":{"line":53,"column":3}},"locations":[{"start":{"line":50,"column":2},"end":{"line":53,"column":3}}]},"8":{"type":"branch","line":55,"loc":{"start":{"line":55,"column":2},"end":{"line":58,"column":3}},"locations":[{"start":{"line":55,"column":2},"end":{"line":58,"column":3}}]},"9":{"type":"branch","line":60,"loc":{"start":{"line":60,"column":2},"end":{"line":63,"column":3}},"locations":[{"start":{"line":60,"column":2},"end":{"line":63,"column":3}}]},"10":{"type":"branch","line":65,"loc":{"start":{"line":65,"column":2},"end":{"line":67,"column":3}},"locations":[{"start":{"line":65,"column":2},"end":{"line":67,"column":3}}]},"11":{"type":"branch","line":69,"loc":{"start":{"line":69,"column":2},"end":{"line":71,"column":3}},"locations":[{"start":{"line":69,"column":2},"end":{"line":71,"column":3}}]},"12":{"type":"branch","line":73,"loc":{"start":{"line":73,"column":9},"end":{"line":78,"column":3}},"locations":[{"start":{"line":73,"column":9},"end":{"line":78,"column":3}}]},"13":{"type":"branch","line":77,"loc":{"start":{"line":77,"column":6},"end":{"line":77,"column":56}},"locations":[{"start":{"line":77,"column":6},"end":{"line":77,"column":56}}]}},"b":{"0":[29],"1":[29],"2":[28],"3":[23],"4":[25],"5":[23],"6":[27],"7":[1],"8":[3],"9":[1],"10":[1],"11":[1],"12":[31],"13":[6]},"fnMap":{"0":{"name":"<instance_members_initializer>","decl":{"start":{"line":22,"column":7},"end":{"line":86,"column":1}},"loc":{"start":{"line":22,"column":7},"end":{"line":86,"column":1}},"line":22},"1":{"name":"Category","decl":{"start":{"line":29,"column":2},"end":{"line":36,"column":3}},"loc":{"start":{"line":29,"column":2},"end":{"line":36,"column":3}},"line":29},"2":{"name":"get entity_id","decl":{"start":{"line":38,"column":2},"end":{"line":40,"column":3}},"loc":{"start":{"line":38,"column":2},"end":{"line":40,"column":3}},"line":38},"3":{"name":"create","decl":{"start":{"line":44,"column":9},"end":{"line":48,"column":3}},"loc":{"start":{"line":44,"column":9},"end":{"line":48,"column":3}},"line":44},"4":{"name":"update","decl":{"start":{"line":50,"column":2},"end":{"line":53,"column":3}},"loc":{"start":{"line":50,"column":2},"end":{"line":53,"column":3}},"line":50},"5":{"name":"changeName","decl":{"start":{"line":55,"column":2},"end":{"line":58,"column":3}},"loc":{"start":{"line":55,"column":2},"end":{"line":58,"column":3}},"line":55},"6":{"name":"changeDescription","decl":{"start":{"line":60,"column":2},"end":{"line":63,"column":3}},"loc":{"start":{"line":60,"column":2},"end":{"line":63,"column":3}},"line":60},"7":{"name":"activate","decl":{"start":{"line":65,"column":2},"end":{"line":67,"column":3}},"loc":{"start":{"line":65,"column":2},"end":{"line":67,"column":3}},"line":65},"8":{"name":"deactivate","decl":{"start":{"line":69,"column":2},"end":{"line":71,"column":3}},"loc":{"start":{"line":69,"column":2},"end":{"line":71,"column":3}},"line":69},"9":{"name":"validate","decl":{"start":{"line":73,"column":9},"end":{"line":78,"column":3}},"loc":{"start":{"line":73,"column":9},"end":{"line":78,"column":3}},"line":73},"10":{"name":"toJSON","decl":{"start":{"line":80,"column":2},"end":{"line":85,"column":3}},"loc":{"start":{"line":80,"column":2},"end":{"line":85,"column":3}},"line":80}},"f":{"0":29,"1":29,"2":0,"3":27,"4":1,"5":3,"6":1,"7":1,"8":1,"9":31,"10":0}}
,"/home/node/app/src/category/domain/category.validator.ts": {"path":"/home/node/app/src/category/domain/category.validator.ts","all":false,"statementMap":{"0":{"start":{"line":1,"column":0},"end":{"line":1,"column":94}},"1":{"start":{"line":2,"column":0},"end":{"line":2,"column":45}},"2":{"start":{"line":3,"column":0},"end":{"line":3,"column":93}},"3":{"start":{"line":4,"column":0},"end":{"line":4,"column":0}},"4":{"start":{"line":5,"column":0},"end":{"line":5,"column":28}},"5":{"start":{"line":6,"column":0},"end":{"line":6,"column":17}},"6":{"start":{"line":7,"column":0},"end":{"line":7,"column":13}},"7":{"start":{"line":8,"column":0},"end":{"line":8,"column":15}},"8":{"start":{"line":9,"column":0},"end":{"line":9,"column":15}},"9":{"start":{"line":10,"column":0},"end":{"line":10,"column":0}},"10":{"start":{"line":11,"column":0},"end":{"line":11,"column":13}},"11":{"start":{"line":12,"column":0},"end":{"line":12,"column":15}},"12":{"start":{"line":13,"column":0},"end":{"line":13,"column":29}},"13":{"start":{"line":14,"column":0},"end":{"line":14,"column":0}},"14":{"start":{"line":15,"column":0},"end":{"line":15,"column":14}},"15":{"start":{"line":16,"column":0},"end":{"line":16,"column":15}},"16":{"start":{"line":17,"column":0},"end":{"line":17,"column":21}},"17":{"start":{"line":18,"column":0},"end":{"line":18,"column":0}},"18":{"start":{"line":19,"column":0},"end":{"line":19,"column":59}},"19":{"start":{"line":20,"column":0},"end":{"line":20,"column":58}},"20":{"start":{"line":21,"column":0},"end":{"line":21,"column":3}},"21":{"start":{"line":22,"column":0},"end":{"line":22,"column":1}},"22":{"start":{"line":23,"column":0},"end":{"line":23,"column":0}},"23":{"start":{"line":24,"column":0},"end":{"line":24,"column":76}},"24":{"start":{"line":25,"column":0},"end":{"line":25,"column":29}},"25":{"start":{"line":26,"column":0},"end":{"line":26,"column":52}},"26":{"start":{"line":27,"column":0},"end":{"line":27,"column":3}},"27":{"start":{"line":28,"column":0},"end":{"line":28,"column":1}},"28":{"start":{"line":29,"column":0},"end":{"line":29,"column":0}},"29":{"start":{"line":30,"column":0},"end":{"line":30,"column":39}},"30":{"start":{"line":31,"column":0},"end":{"line":31,"column":19}},"31":{"start":{"line":32,"column":0},"end":{"line":32,"column":35}},"32":{"start":{"line":33,"column":0},"end":{"line":33,"column":3}},"33":{"start":{"line":34,"column":0},"end":{"line":34,"column":1}}},"s":{"0":1,"1":1,"2":1,"3":1,"4":1,"5":31,"6":31,"7":31,"8":31,"9":31,"10":31,"11":31,"12":31,"13":31,"14":31,"15":31,"16":31,"17":31,"18":31,"19":31,"20":31,"21":31,"22":1,"23":1,"24":1,"25":31,"26":31,"27":1,"28":1,"29":1,"30":1,"31":31,"32":31,"33":1},"branchMap":{"0":{"type":"branch","line":5,"loc":{"start":{"line":5,"column":7},"end":{"line":22,"column":1}},"locations":[{"start":{"line":5,"column":7},"end":{"line":22,"column":1}}]},"1":{"type":"branch","line":19,"loc":{"start":{"line":19,"column":2},"end":{"line":21,"column":3}},"locations":[{"start":{"line":19,"column":2},"end":{"line":21,"column":3}}]},"2":{"type":"branch","line":25,"loc":{"start":{"line":25,"column":2},"end":{"line":27,"column":3}},"locations":[{"start":{"line":25,"column":2},"end":{"line":27,"column":3}}]},"3":{"type":"branch","line":31,"loc":{"start":{"line":31,"column":9},"end":{"line":33,"column":3}},"locations":[{"start":{"line":31,"column":9},"end":{"line":33,"column":3}}]}},"b":{"0":[31],"1":[31],"2":[31],"3":[31]},"fnMap":{"0":{"name":"<instance_members_initializer>","decl":{"start":{"line":5,"column":7},"end":{"line":22,"column":1}},"loc":{"start":{"line":5,"column":7},"end":{"line":22,"column":1}},"line":5},"1":{"name":"CategoryRules","decl":{"start":{"line":19,"column":2},"end":{"line":21,"column":3}},"loc":{"start":{"line":19,"column":2},"end":{"line":21,"column":3}},"line":19},"2":{"name":"validate","decl":{"start":{"line":25,"column":2},"end":{"line":27,"column":3}},"loc":{"start":{"line":25,"column":2},"end":{"line":27,"column":3}},"line":25},"3":{"name":"create","decl":{"start":{"line":31,"column":9},"end":{"line":33,"column":3}},"loc":{"start":{"line":31,"column":9},"end":{"line":33,"column":3}},"line":31}},"f":{"0":31,"1":31,"2":31,"3":31}}
,"/home/node/app/src/category/infra/db/category-in-memory.repository.ts": {"path":"/home/node/app/src/category/infra/db/category-in-memory.repository.ts","all":false,"statementMap":{"0":{"start":{"line":1,"column":0},"end":{"line":1,"column":80}},"1":{"start":{"line":2,"column":0},"end":{"line":2,"column":68}},"2":{"start":{"line":3,"column":0},"end":{"line":3,"column":123}},"3":{"start":{"line":4,"column":0},"end":{"line":4,"column":56}},"4":{"start":{"line":5,"column":0},"end":{"line":5,"column":0}},"5":{"start":{"line":6,"column":0},"end":{"line":6,"column":0}},"6":{"start":{"line":7,"column":0},"end":{"line":7,"column":77}},"7":{"start":{"line":8,"column":0},"end":{"line":8,"column":11}},"8":{"start":{"line":9,"column":0},"end":{"line":9,"column":6}},"9":{"start":{"line":10,"column":0},"end":{"line":10,"column":3}},"10":{"start":{"line":11,"column":0},"end":{"line":11,"column":0}},"11":{"start":{"line":12,"column":0},"end":{"line":12,"column":52}},"12":{"start":{"line":13,"column":0},"end":{"line":13,"column":0}},"13":{"start":{"line":14,"column":0},"end":{"line":14,"column":87}},"14":{"start":{"line":15,"column":0},"end":{"line":15,"column":16}},"15":{"start":{"line":16,"column":0},"end":{"line":16,"column":19}},"16":{"start":{"line":17,"column":0},"end":{"line":17,"column":32}},"17":{"start":{"line":18,"column":0},"end":{"line":18,"column":14}},"18":{"start":{"line":19,"column":0},"end":{"line":19,"column":59}},"19":{"start":{"line":20,"column":0},"end":{"line":20,"column":7}},"20":{"start":{"line":21,"column":0},"end":{"line":21,"column":6}},"21":{"start":{"line":22,"column":0},"end":{"line":22,"column":3}},"22":{"start":{"line":23,"column":0},"end":{"line":23,"column":0}},"23":{"start":{"line":24,"column":0},"end":{"line":24,"column":49}},"24":{"start":{"line":25,"column":0},"end":{"line":25,"column":20}},"25":{"start":{"line":26,"column":0},"end":{"line":26,"column":3}},"26":{"start":{"line":27,"column":0},"end":{"line":27,"column":0}},"27":{"start":{"line":28,"column":0},"end":{"line":28,"column":22}},"28":{"start":{"line":29,"column":0},"end":{"line":29,"column":22}},"29":{"start":{"line":30,"column":0},"end":{"line":30,"column":24}},"30":{"start":{"line":31,"column":0},"end":{"line":31,"column":35}},"31":{"start":{"line":32,"column":0},"end":{"line":32,"column":17}},"32":{"start":{"line":33,"column":0},"end":{"line":33,"column":17}},"33":{"start":{"line":34,"column":0},"end":{"line":34,"column":46}},"34":{"start":{"line":35,"column":0},"end":{"line":35,"column":52}},"35":{"start":{"line":36,"column":0},"end":{"line":36,"column":3}},"36":{"start":{"line":37,"column":0},"end":{"line":37,"column":1}}},"s":{"0":1,"1":1,"2":1,"3":1,"4":1,"5":1,"6":1,"7":4,"8":4,"9":4,"10":4,"11":4,"12":4,"13":4,"14":2,"15":2,"16":1,"17":3,"18":3,"19":3,"20":3,"21":1,"22":4,"23":4,"24":0,"25":0,"26":4,"27":4,"28":3,"29":3,"30":3,"31":3,"32":3,"33":2,"34":1,"35":3,"36":4},"branchMap":{"0":{"type":"branch","line":7,"loc":{"start":{"line":7,"column":7},"end":{"line":37,"column":1}},"locations":[{"start":{"line":7,"column":7},"end":{"line":37,"column":1}}]},"1":{"type":"branch","line":14,"loc":{"start":{"line":14,"column":2},"end":{"line":22,"column":3}},"locations":[{"start":{"line":14,"column":2},"end":{"line":22,"column":3}}]},"2":{"type":"branch","line":16,"loc":{"start":{"line":16,"column":6},"end":{"line":22,"column":3}},"locations":[{"start":{"line":16,"column":6},"end":{"line":22,"column":3}}]},"3":{"type":"branch","line":17,"loc":{"start":{"line":17,"column":24},"end":{"line":21,"column":6}},"locations":[{"start":{"line":17,"column":24},"end":{"line":21,"column":6}}]},"4":{"type":"branch","line":28,"loc":{"start":{"line":28,"column":12},"end":{"line":36,"column":3}},"locations":[{"start":{"line":28,"column":12},"end":{"line":36,"column":3}}]},"5":{"type":"branch","line":33,"loc":{"start":{"line":33,"column":13},"end":{"line":34,"column":46}},"locations":[{"start":{"line":33,"column":13},"end":{"line":34,"column":46}}]},"6":{"type":"branch","line":34,"loc":{"start":{"line":34,"column":37},"end":{"line":35,"column":52}},"locations":[{"start":{"line":34,"column":37},"end":{"line":35,"column":52}}]}},"b":{"0":[4],"1":[2],"2":[1],"3":[3],"4":[3],"5":[2],"6":[1]},"fnMap":{"0":{"name":"<instance_members_initializer>","decl":{"start":{"line":7,"column":7},"end":{"line":37,"column":1}},"loc":{"start":{"line":7,"column":7},"end":{"line":37,"column":1}},"line":7},"1":{"name":"applyFilter","decl":{"start":{"line":14,"column":2},"end":{"line":22,"column":3}},"loc":{"start":{"line":14,"column":2},"end":{"line":22,"column":3}},"line":14},"2":{"name":"getEntity","decl":{"start":{"line":24,"column":2},"end":{"line":26,"column":3}},"loc":{"start":{"line":24,"column":2},"end":{"line":26,"column":3}},"line":24},"3":{"name":"applySort","decl":{"start":{"line":28,"column":12},"end":{"line":36,"column":3}},"loc":{"start":{"line":28,"column":12},"end":{"line":36,"column":3}},"line":28}},"f":{"0":4,"1":2,"2":0,"3":3}}
,"/home/node/app/src/shared/domain/entity.ts": {"path":"/home/node/app/src/shared/domain/entity.ts","all":false,"statementMap":{"0":{"start":{"line":1,"column":0},"end":{"line":1,"column":45}},"1":{"start":{"line":2,"column":0},"end":{"line":2,"column":0}},"2":{"start":{"line":3,"column":0},"end":{"line":3,"column":30}},"3":{"start":{"line":4,"column":0},"end":{"line":4,"column":40}},"4":{"start":{"line":5,"column":0},"end":{"line":5,"column":25}},"5":{"start":{"line":6,"column":0},"end":{"line":6,"column":1}}},"s":{"0":1,"1":1,"2":1,"3":1,"4":1,"5":1},"branchMap":{},"b":{},"fnMap":{},"f":{}}
,"/home/node/app/src/shared/domain/value-object.ts": {"path":"/home/node/app/src/shared/domain/value-object.ts","all":false,"statementMap":{"0":{"start":{"line":1,"column":0},"end":{"line":1,"column":37}},"1":{"start":{"line":2,"column":0},"end":{"line":2,"column":0}},"2":{"start":{"line":3,"column":0},"end":{"line":3,"column":35}},"3":{"start":{"line":4,"column":0},"end":{"line":4,"column":0}},"4":{"start":{"line":5,"column":0},"end":{"line":5,"column":38}},"5":{"start":{"line":6,"column":0},"end":{"line":6,"column":42}},"6":{"start":{"line":7,"column":0},"end":{"line":7,"column":19}},"7":{"start":{"line":8,"column":0},"end":{"line":8,"column":5}},"8":{"start":{"line":9,"column":0},"end":{"line":9,"column":56}},"9":{"start":{"line":10,"column":0},"end":{"line":10,"column":19}},"10":{"start":{"line":11,"column":0},"end":{"line":11,"column":5}},"11":{"start":{"line":12,"column":0},"end":{"line":12,"column":29}},"12":{"start":{"line":13,"column":0},"end":{"line":13,"column":3}},"13":{"start":{"line":14,"column":0},"end":{"line":14,"column":0}},"14":{"start":{"line":15,"column":0},"end":{"line":15,"column":1}}},"s":{"0":1,"1":1,"2":1,"3":1,"4":1,"5":12,"6":4,"7":4,"8":12,"9":0,"10":0,"11":8,"12":8,"13":1,"14":1},"branchMap":{"0":{"type":"branch","line":5,"loc":{"start":{"line":5,"column":9},"end":{"line":13,"column":3}},"locations":[{"start":{"line":5,"column":9},"end":{"line":13,"column":3}}]},"1":{"type":"branch","line":6,"loc":{"start":{"line":6,"column":15},"end":{"line":6,"column":41}},"locations":[{"start":{"line":6,"column":15},"end":{"line":6,"column":41}}]},"2":{"type":"branch","line":6,"loc":{"start":{"line":6,"column":41},"end":{"line":9,"column":55}},"locations":[{"start":{"line":6,"column":41},"end":{"line":9,"column":55}}]},"3":{"type":"branch","line":6,"loc":{"start":{"line":6,"column":41},"end":{"line":8,"column":5}},"locations":[{"start":{"line":6,"column":41},"end":{"line":8,"column":5}}]},"4":{"type":"branch","line":9,"loc":{"start":{"line":9,"column":55},"end":{"line":11,"column":5}},"locations":[{"start":{"line":9,"column":55},"end":{"line":11,"column":5}}]},"5":{"type":"branch","line":11,"loc":{"start":{"line":11,"column":4},"end":{"line":13,"column":3}},"locations":[{"start":{"line":11,"column":4},"end":{"line":13,"column":3}}]}},"b":{"0":[12],"1":[10],"2":[8],"3":[4],"4":[0],"5":[8]},"fnMap":{"0":{"name":"equals","decl":{"start":{"line":5,"column":9},"end":{"line":13,"column":3}},"loc":{"start":{"line":5,"column":9},"end":{"line":13,"column":3}},"line":5}},"f":{"0":12}}
,"/home/node/app/src/shared/domain/errors/not-found.error.ts": {"path":"/home/node/app/src/shared/domain/errors/not-found.error.ts","all":false,"statementMap":{"0":{"start":{"line":1,"column":0},"end":{"line":1,"column":35}},"1":{"start":{"line":2,"column":0},"end":{"line":2,"column":0}},"2":{"start":{"line":3,"column":0},"end":{"line":3,"column":42}},"3":{"start":{"line":4,"column":0},"end":{"line":4,"column":77}},"4":{"start":{"line":5,"column":0},"end":{"line":5,"column":61}},"5":{"start":{"line":6,"column":0},"end":{"line":6,"column":61}},"6":{"start":{"line":7,"column":0},"end":{"line":7,"column":32}},"7":{"start":{"line":8,"column":0},"end":{"line":8,"column":3}},"8":{"start":{"line":9,"column":0},"end":{"line":9,"column":1}}},"s":{"0":1,"1":1,"2":1,"3":1,"4":4,"5":4,"6":4,"7":4,"8":1},"branchMap":{"0":{"type":"branch","line":4,"loc":{"start":{"line":4,"column":2},"end":{"line":8,"column":3}},"locations":[{"start":{"line":4,"column":2},"end":{"line":8,"column":3}}]},"1":{"type":"branch","line":5,"loc":{"start":{"line":5,"column":36},"end":{"line":5,"column":58}},"locations":[{"start":{"line":5,"column":36},"end":{"line":5,"column":58}}]}},"b":{"0":[4],"1":[0]},"fnMap":{"0":{"name":"NotFoundError","decl":{"start":{"line":4,"column":2},"end":{"line":8,"column":3}},"loc":{"start":{"line":4,"column":2},"end":{"line":8,"column":3}},"line":4}},"f":{"0":4}}
,"/home/node/app/src/shared/domain/repository/search-params.ts": {"path":"/home/node/app/src/shared/domain/repository/search-params.ts","all":false,"statementMap":{"0":{"start":{"line":1,"column":0},"end":{"line":1,"column":46}},"1":{"start":{"line":2,"column":0},"end":{"line":2,"column":0}},"2":{"start":{"line":3,"column":0},"end":{"line":3,"column":43}},"3":{"start":{"line":4,"column":0},"end":{"line":4,"column":0}},"4":{"start":{"line":5,"column":0},"end":{"line":5,"column":60}},"5":{"start":{"line":6,"column":0},"end":{"line":6,"column":16}},"6":{"start":{"line":7,"column":0},"end":{"line":7,"column":20}},"7":{"start":{"line":8,"column":0},"end":{"line":8,"column":23}},"8":{"start":{"line":9,"column":0},"end":{"line":9,"column":34}},"9":{"start":{"line":10,"column":0},"end":{"line":10,"column":25}},"10":{"start":{"line":11,"column":0},"end":{"line":11,"column":1}},"11":{"start":{"line":12,"column":0},"end":{"line":12,"column":0}},"12":{"start":{"line":13,"column":0},"end":{"line":13,"column":64}},"13":{"start":{"line":14,"column":0},"end":{"line":14,"column":26}},"14":{"start":{"line":15,"column":0},"end":{"line":15,"column":35}},"15":{"start":{"line":16,"column":0},"end":{"line":16,"column":33}},"16":{"start":{"line":17,"column":0},"end":{"line":17,"column":45}},"17":{"start":{"line":18,"column":0},"end":{"line":18,"column":36}},"18":{"start":{"line":19,"column":0},"end":{"line":19,"column":0}},"19":{"start":{"line":20,"column":0},"end":{"line":20,"column":64}},"20":{"start":{"line":21,"column":0},"end":{"line":21,"column":12}},"21":{"start":{"line":22,"column":0},"end":{"line":22,"column":27}},"22":{"start":{"line":23,"column":0},"end":{"line":23,"column":35}},"23":{"start":{"line":24,"column":0},"end":{"line":24,"column":27}},"24":{"start":{"line":25,"column":0},"end":{"line":25,"column":35}},"25":{"start":{"line":26,"column":0},"end":{"line":26,"column":31}},"26":{"start":{"line":27,"column":0},"end":{"line":27,"column":3}},"27":{"start":{"line":28,"column":0},"end":{"line":28,"column":0}},"28":{"start":{"line":29,"column":0},"end":{"line":29,"column":14}},"29":{"start":{"line":30,"column":0},"end":{"line":30,"column":22}},"30":{"start":{"line":31,"column":0},"end":{"line":31,"column":3}},"31":{"start":{"line":32,"column":0},"end":{"line":32,"column":0}},"32":{"start":{"line":33,"column":0},"end":{"line":33,"column":35}},"33":{"start":{"line":34,"column":0},"end":{"line":34,"column":23}},"34":{"start":{"line":35,"column":0},"end":{"line":35,"column":0}},"35":{"start":{"line":36,"column":0},"end":{"line":36,"column":80}},"36":{"start":{"line":37,"column":0},"end":{"line":37,"column":16}},"37":{"start":{"line":38,"column":0},"end":{"line":38,"column":5}},"38":{"start":{"line":39,"column":0},"end":{"line":39,"column":0}},"39":{"start":{"line":40,"column":0},"end":{"line":40,"column":23}},"40":{"start":{"line":41,"column":0},"end":{"line":41,"column":3}},"41":{"start":{"line":42,"column":0},"end":{"line":42,"column":0}},"42":{"start":{"line":43,"column":0},"end":{"line":43,"column":18}},"43":{"start":{"line":44,"column":0},"end":{"line":44,"column":26}},"44":{"start":{"line":45,"column":0},"end":{"line":45,"column":3}},"45":{"start":{"line":46,"column":0},"end":{"line":46,"column":0}},"46":{"start":{"line":47,"column":0},"end":{"line":47,"column":39}},"47":{"start":{"line":48,"column":0},"end":{"line":48,"column":70}},"48":{"start":{"line":49,"column":0},"end":{"line":49,"column":0}},"49":{"start":{"line":50,"column":0},"end":{"line":50,"column":8}},"50":{"start":{"line":51,"column":0},"end":{"line":51,"column":32}},"51":{"start":{"line":52,"column":0},"end":{"line":52,"column":23}},"52":{"start":{"line":53,"column":0},"end":{"line":53,"column":46}},"53":{"start":{"line":54,"column":0},"end":{"line":54,"column":7}},"54":{"start":{"line":55,"column":0},"end":{"line":55,"column":33}},"55":{"start":{"line":56,"column":0},"end":{"line":56,"column":5}},"56":{"start":{"line":57,"column":0},"end":{"line":57,"column":0}},"57":{"start":{"line":58,"column":0},"end":{"line":58,"column":31}},"58":{"start":{"line":59,"column":0},"end":{"line":59,"column":3}},"59":{"start":{"line":60,"column":0},"end":{"line":60,"column":0}},"60":{"start":{"line":61,"column":0},"end":{"line":61,"column":29}},"61":{"start":{"line":62,"column":0},"end":{"line":62,"column":22}},"62":{"start":{"line":63,"column":0},"end":{"line":63,"column":3}},"63":{"start":{"line":64,"column":0},"end":{"line":64,"column":0}},"64":{"start":{"line":65,"column":0},"end":{"line":65,"column":42}},"65":{"start":{"line":66,"column":0},"end":{"line":66,"column":16}},"66":{"start":{"line":67,"column":0},"end":{"line":67,"column":80}},"67":{"start":{"line":68,"column":0},"end":{"line":68,"column":3}},"68":{"start":{"line":69,"column":0},"end":{"line":69,"column":0}},"69":{"start":{"line":70,"column":0},"end":{"line":70,"column":40}},"70":{"start":{"line":71,"column":0},"end":{"line":71,"column":26}},"71":{"start":{"line":72,"column":0},"end":{"line":72,"column":3}},"72":{"start":{"line":73,"column":0},"end":{"line":73,"column":0}},"73":{"start":{"line":74,"column":0},"end":{"line":74,"column":53}},"74":{"start":{"line":75,"column":0},"end":{"line":75,"column":21}},"75":{"start":{"line":76,"column":0},"end":{"line":76,"column":28}},"76":{"start":{"line":77,"column":0},"end":{"line":77,"column":13}},"77":{"start":{"line":78,"column":0},"end":{"line":78,"column":5}},"78":{"start":{"line":79,"column":0},"end":{"line":79,"column":41}},"79":{"start":{"line":80,"column":0},"end":{"line":80,"column":67}},"80":{"start":{"line":81,"column":0},"end":{"line":81,"column":3}},"81":{"start":{"line":82,"column":0},"end":{"line":82,"column":0}},"82":{"start":{"line":83,"column":0},"end":{"line":83,"column":31}},"83":{"start":{"line":84,"column":0},"end":{"line":84,"column":24}},"84":{"start":{"line":85,"column":0},"end":{"line":85,"column":3}},"85":{"start":{"line":86,"column":0},"end":{"line":86,"column":0}},"86":{"start":{"line":87,"column":0},"end":{"line":87,"column":46}},"87":{"start":{"line":88,"column":0},"end":{"line":88,"column":18}},"88":{"start":{"line":89,"column":0},"end":{"line":89,"column":72}},"89":{"start":{"line":90,"column":0},"end":{"line":90,"column":14}},"90":{"start":{"line":91,"column":0},"end":{"line":91,"column":30}},"91":{"start":{"line":92,"column":0},"end":{"line":92,"column":3}},"92":{"start":{"line":93,"column":0},"end":{"line":93,"column":1}}},"s":{"0":1,"1":1,"2":1,"3":1,"4":1,"5":1,"6":1,"7":1,"8":1,"9":1,"10":1,"11":1,"12":1,"13":68,"14":68,"15":68,"16":68,"17":68,"18":68,"19":68,"20":68,"21":68,"22":68,"23":68,"24":68,"25":68,"26":68,"27":68,"28":68,"29":30,"30":30,"31":68,"32":68,"33":68,"34":68,"35":68,"36":57,"37":57,"38":68,"39":68,"40":68,"41":68,"42":68,"43":32,"44":32,"45":68,"46":68,"47":68,"48":68,"49":68,"50":68,"51":18,"52":13,"53":68,"54":56,"55":56,"56":68,"57":68,"58":68,"59":68,"60":68,"61":87,"62":87,"63":68,"64":68,"65":68,"66":68,"67":68,"68":68,"69":68,"70":22,"71":22,"72":68,"73":68,"74":68,"75":44,"76":44,"77":44,"78":24,"79":68,"80":68,"81":68,"82":68,"83":19,"84":19,"85":68,"86":68,"87":68,"88":68,"89":58,"90":68,"91":68,"92":68},"branchMap":{"0":{"type":"branch","line":13,"loc":{"start":{"line":13,"column":7},"end":{"line":93,"column":1}},"locations":[{"start":{"line":13,"column":7},"end":{"line":93,"column":1}}]},"1":{"type":"branch","line":20,"loc":{"start":{"line":20,"column":2},"end":{"line":27,"column":3}},"locations":[{"start":{"line":20,"column":2},"end":{"line":27,"column":3}}]},"2":{"type":"branch","line":29,"loc":{"start":{"line":29,"column":2},"end":{"line":31,"column":3}},"locations":[{"start":{"line":29,"column":2},"end":{"line":31,"column":3}}]},"3":{"type":"branch","line":33,"loc":{"start":{"line":33,"column":2},"end":{"line":41,"column":3}},"locations":[{"start":{"line":33,"column":2},"end":{"line":41,"column":3}}]},"4":{"type":"branch","line":36,"loc":{"start":{"line":36,"column":21},"end":{"line":36,"column":45}},"locations":[{"start":{"line":36,"column":21},"end":{"line":36,"column":45}}]},"5":{"type":"branch","line":36,"loc":{"start":{"line":36,"column":40},"end":{"line":36,"column":79}},"locations":[{"start":{"line":36,"column":40},"end":{"line":36,"column":79}}]},"6":{"type":"branch","line":36,"loc":{"start":{"line":36,"column":79},"end":{"line":38,"column":5}},"locations":[{"start":{"line":36,"column":79},"end":{"line":38,"column":5}}]},"7":{"type":"branch","line":43,"loc":{"start":{"line":43,"column":2},"end":{"line":45,"column":3}},"locations":[{"start":{"line":43,"column":2},"end":{"line":45,"column":3}}]},"8":{"type":"branch","line":47,"loc":{"start":{"line":47,"column":2},"end":{"line":59,"column":3}},"locations":[{"start":{"line":47,"column":2},"end":{"line":59,"column":3}}]},"9":{"type":"branch","line":48,"loc":{"start":{"line":48,"column":31},"end":{"line":48,"column":60}},"locations":[{"start":{"line":48,"column":31},"end":{"line":48,"column":60}}]},"10":{"type":"branch","line":48,"loc":{"start":{"line":48,"column":60},"end":{"line":48,"column":70}},"locations":[{"start":{"line":48,"column":60},"end":{"line":48,"column":70}}]},"11":{"type":"branch","line":51,"loc":{"start":{"line":51,"column":19},"end":{"line":52,"column":23}},"locations":[{"start":{"line":51,"column":19},"end":{"line":52,"column":23}}]},"12":{"type":"branch","line":52,"loc":{"start":{"line":52,"column":19},"end":{"line":53,"column":46}},"locations":[{"start":{"line":52,"column":19},"end":{"line":53,"column":46}}]},"13":{"type":"branch","line":54,"loc":{"start":{"line":54,"column":6},"end":{"line":56,"column":5}},"locations":[{"start":{"line":54,"column":6},"end":{"line":56,"column":5}}]},"14":{"type":"branch","line":61,"loc":{"start":{"line":61,"column":2},"end":{"line":63,"column":3}},"locations":[{"start":{"line":61,"column":2},"end":{"line":63,"column":3}}]},"15":{"type":"branch","line":65,"loc":{"start":{"line":65,"column":2},"end":{"line":68,"column":3}},"locations":[{"start":{"line":65,"column":2},"end":{"line":68,"column":3}}]},"16":{"type":"branch","line":67,"loc":{"start":{"line":67,"column":16},"end":{"line":67,"column":47}},"locations":[{"start":{"line":67,"column":16},"end":{"line":67,"column":47}}]},"17":{"type":"branch","line":67,"loc":{"start":{"line":67,"column":34},"end":{"line":67,"column":62}},"locations":[{"start":{"line":67,"column":34},"end":{"line":67,"column":62}}]},"18":{"type":"branch","line":67,"loc":{"start":{"line":67,"column":57},"end":{"line":67,"column":69}},"locations":[{"start":{"line":67,"column":57},"end":{"line":67,"column":69}}]},"19":{"type":"branch","line":67,"loc":{"start":{"line":67,"column":62},"end":{"line":67,"column":79}},"locations":[{"start":{"line":67,"column":62},"end":{"line":67,"column":79}}]},"20":{"type":"branch","line":70,"loc":{"start":{"line":70,"column":2},"end":{"line":72,"column":3}},"locations":[{"start":{"line":70,"column":2},"end":{"line":72,"column":3}}]},"21":{"type":"branch","line":74,"loc":{"start":{"line":74,"column":2},"end":{"line":81,"column":3}},"locations":[{"start":{"line":74,"column":2},"end":{"line":81,"column":3}}]},"22":{"type":"branch","line":75,"loc":{"start":{"line":75,"column":20},"end":{"line":78,"column":5}},"locations":[{"start":{"line":75,"column":20},"end":{"line":78,"column":5}}]},"23":{"type":"branch","line":78,"loc":{"start":{"line":78,"column":4},"end":{"line":80,"column":55}},"locations":[{"start":{"line":78,"column":4},"end":{"line":80,"column":55}}]},"24":{"type":"branch","line":78,"loc":{"start":{"line":78,"column":4},"end":{"line":80,"column":38}},"locations":[{"start":{"line":78,"column":4},"end":{"line":80,"column":38}}]},"25":{"type":"branch","line":80,"loc":{"start":{"line":80,"column":29},"end":{"line":80,"column":55}},"locations":[{"start":{"line":80,"column":29},"end":{"line":80,"column":55}}]},"26":{"type":"branch","line":80,"loc":{"start":{"line":80,"column":46},"end":{"line":80,"column":63}},"locations":[{"start":{"line":80,"column":46},"end":{"line":80,"column":63}}]},"27":{"type":"branch","line":80,"loc":{"start":{"line":80,"column":55},"end":{"line":80,"column":67}},"locations":[{"start":{"line":80,"column":55},"end":{"line":80,"column":67}}]},"28":{"type":"branch","line":83,"loc":{"start":{"line":83,"column":2},"end":{"line":85,"column":3}},"locations":[{"start":{"line":83,"column":2},"end":{"line":85,"column":3}}]},"29":{"type":"branch","line":87,"loc":{"start":{"line":87,"column":2},"end":{"line":92,"column":3}},"locations":[{"start":{"line":87,"column":2},"end":{"line":92,"column":3}}]},"30":{"type":"branch","line":89,"loc":{"start":{"line":89,"column":16},"end":{"line":89,"column":47}},"locations":[{"start":{"line":89,"column":16},"end":{"line":89,"column":47}}]},"31":{"type":"branch","line":89,"loc":{"start":{"line":89,"column":34},"end":{"line":89,"column":72}},"locations":[{"start":{"line":89,"column":34},"end":{"line":89,"column":72}}]},"32":{"type":"branch","line":89,"loc":{"start":{"line":89,"column":70},"end":{"line":90,"column":14}},"locations":[{"start":{"line":89,"column":70},"end":{"line":90,"column":14}}]},"33":{"type":"branch","line":90,"loc":{"start":{"line":90,"column":10},"end":{"line":91,"column":21}},"locations":[{"start":{"line":90,"column":10},"end":{"line":91,"column":21}}]}},"b":{"0":[68],"1":[68],"2":[30],"3":[68],"4":[16],"5":[11],"6":[57],"7":[32],"8":[68],"9":[1],"10":[67],"11":[18],"12":[13],"13":[56],"14":[87],"15":[68],"16":[67],"17":[25],"18":[44],"19":[24],"20":[22],"21":[68],"22":[44],"23":[65],"24":[24],"25":[22],"26":[18],"27":[6],"28":[19],"29":[68],"30":[67],"31":[11],"32":[58],"33":[10]},"fnMap":{"0":{"name":"<instance_members_initializer>","decl":{"start":{"line":13,"column":7},"end":{"line":93,"column":1}},"loc":{"start":{"line":13,"column":7},"end":{"line":93,"column":1}},"line":13},"1":{"name":"SearchParams","decl":{"start":{"line":20,"column":2},"end":{"line":27,"column":3}},"loc":{"start":{"line":20,"column":2},"end":{"line":27,"column":3}},"line":20},"2":{"name":"get page","decl":{"start":{"line":29,"column":2},"end":{"line":31,"column":3}},"loc":{"start":{"line":29,"column":2},"end":{"line":31,"column":3}},"line":29},"3":{"name":"set page","decl":{"start":{"line":33,"column":2},"end":{"line":41,"column":3}},"loc":{"start":{"line":33,"column":2},"end":{"line":41,"column":3}},"line":33},"4":{"name":"get per_page","decl":{"start":{"line":43,"column":2},"end":{"line":45,"column":3}},"loc":{"start":{"line":43,"column":2},"end":{"line":45,"column":3}},"line":43},"5":{"name":"set per_page","decl":{"start":{"line":47,"column":2},"end":{"line":59,"column":3}},"loc":{"start":{"line":47,"column":2},"end":{"line":59,"column":3}},"line":47},"6":{"name":"get sort","decl":{"start":{"line":61,"column":2},"end":{"line":63,"column":3}},"loc":{"start":{"line":61,"column":2},"end":{"line":63,"column":3}},"line":61},"7":{"name":"set sort","decl":{"start":{"line":65,"column":2},"end":{"line":68,"column":3}},"loc":{"start":{"line":65,"column":2},"end":{"line":68,"column":3}},"line":65},"8":{"name":"get sort_dir","decl":{"start":{"line":70,"column":2},"end":{"line":72,"column":3}},"loc":{"start":{"line":70,"column":2},"end":{"line":72,"column":3}},"line":70},"9":{"name":"set sort_dir","decl":{"start":{"line":74,"column":2},"end":{"line":81,"column":3}},"loc":{"start":{"line":74,"column":2},"end":{"line":81,"column":3}},"line":74},"10":{"name":"get filter","decl":{"start":{"line":83,"column":2},"end":{"line":85,"column":3}},"loc":{"start":{"line":83,"column":2},"end":{"line":85,"column":3}},"line":83},"11":{"name":"set filter","decl":{"start":{"line":87,"column":2},"end":{"line":92,"column":3}},"loc":{"start":{"line":87,"column":2},"end":{"line":92,"column":3}},"line":87}},"f":{"0":68,"1":68,"2":30,"3":68,"4":32,"5":68,"6":87,"7":68,"8":22,"9":68,"10":19,"11":68}}
,"/home/node/app/src/shared/domain/repository/search-result.ts": {"path":"/home/node/app/src/shared/domain/repository/search-result.ts","all":false,"statementMap":{"0":{"start":{"line":1,"column":0},"end":{"line":1,"column":0}},"1":{"start":{"line":2,"column":0},"end":{"line":2,"column":0}},"2":{"start":{"line":3,"column":0},"end":{"line":3,"column":35}},"3":{"start":{"line":4,"column":0},"end":{"line":4,"column":46}},"4":{"start":{"line":5,"column":0},"end":{"line":5,"column":0}},"5":{"start":{"line":6,"column":0},"end":{"line":6,"column":55}},"6":{"start":{"line":7,"column":0},"end":{"line":7,"column":13}},"7":{"start":{"line":8,"column":0},"end":{"line":8,"column":16}},"8":{"start":{"line":9,"column":0},"end":{"line":9,"column":23}},"9":{"start":{"line":10,"column":0},"end":{"line":10,"column":19}},"10":{"start":{"line":11,"column":0},"end":{"line":11,"column":2}},"11":{"start":{"line":12,"column":0},"end":{"line":12,"column":0}},"12":{"start":{"line":13,"column":0},"end":{"line":13,"column":74}},"13":{"start":{"line":14,"column":0},"end":{"line":14,"column":22}},"14":{"start":{"line":15,"column":0},"end":{"line":15,"column":25}},"15":{"start":{"line":16,"column":0},"end":{"line":16,"column":32}},"16":{"start":{"line":17,"column":0},"end":{"line":17,"column":28}},"17":{"start":{"line":18,"column":0},"end":{"line":18,"column":29}},"18":{"start":{"line":19,"column":0},"end":{"line":19,"column":0}},"19":{"start":{"line":20,"column":0},"end":{"line":20,"column":55}},"20":{"start":{"line":21,"column":0},"end":{"line":21,"column":12}},"21":{"start":{"line":22,"column":0},"end":{"line":22,"column":29}},"22":{"start":{"line":23,"column":0},"end":{"line":23,"column":29}},"23":{"start":{"line":24,"column":0},"end":{"line":24,"column":43}},"24":{"start":{"line":25,"column":0},"end":{"line":25,"column":35}},"25":{"start":{"line":26,"column":0},"end":{"line":26,"column":59}},"26":{"start":{"line":27,"column":0},"end":{"line":27,"column":3}},"27":{"start":{"line":28,"column":0},"end":{"line":28,"column":0}},"28":{"start":{"line":29,"column":0},"end":{"line":29,"column":31}},"29":{"start":{"line":30,"column":0},"end":{"line":30,"column":12}},"30":{"start":{"line":31,"column":0},"end":{"line":31,"column":24}},"31":{"start":{"line":32,"column":0},"end":{"line":32,"column":49}},"32":{"start":{"line":33,"column":0},"end":{"line":33,"column":21}},"33":{"start":{"line":34,"column":0},"end":{"line":34,"column":24}},"34":{"start":{"line":35,"column":0},"end":{"line":35,"column":38}},"35":{"start":{"line":36,"column":0},"end":{"line":36,"column":30}},"36":{"start":{"line":37,"column":0},"end":{"line":37,"column":32}},"37":{"start":{"line":38,"column":0},"end":{"line":38,"column":6}},"38":{"start":{"line":39,"column":0},"end":{"line":39,"column":3}},"39":{"start":{"line":40,"column":0},"end":{"line":40,"column":1}}},"s":{"0":1,"1":1,"2":1,"3":1,"4":1,"5":1,"6":1,"7":1,"8":1,"9":1,"10":1,"11":1,"12":1,"13":22,"14":22,"15":22,"16":22,"17":22,"18":22,"19":22,"20":22,"21":22,"22":22,"23":22,"24":22,"25":22,"26":22,"27":22,"28":22,"29":6,"30":6,"31":4,"32":6,"33":6,"34":6,"35":6,"36":6,"37":6,"38":6,"39":22},"branchMap":{"0":{"type":"branch","line":13,"loc":{"start":{"line":13,"column":7},"end":{"line":40,"column":1}},"locations":[{"start":{"line":13,"column":7},"end":{"line":40,"column":1}}]},"1":{"type":"branch","line":20,"loc":{"start":{"line":20,"column":2},"end":{"line":27,"column":3}},"locations":[{"start":{"line":20,"column":2},"end":{"line":27,"column":3}}]},"2":{"type":"branch","line":29,"loc":{"start":{"line":29,"column":2},"end":{"line":39,"column":3}},"locations":[{"start":{"line":29,"column":2},"end":{"line":39,"column":3}}]},"3":{"type":"branch","line":31,"loc":{"start":{"line":31,"column":13},"end":{"line":32,"column":49}},"locations":[{"start":{"line":31,"column":13},"end":{"line":32,"column":49}}]},"4":{"type":"branch","line":32,"loc":{"start":{"line":32,"column":46},"end":{"line":33,"column":20}},"locations":[{"start":{"line":32,"column":46},"end":{"line":33,"column":20}}]},"5":{"type":"branch","line":32,"loc":{"start":{"line":32,"column":25},"end":{"line":32,"column":49}},"locations":[{"start":{"line":32,"column":25},"end":{"line":32,"column":49}}]}},"b":{"0":[22],"1":[22],"2":[6],"3":[4],"4":[2],"5":[8]},"fnMap":{"0":{"name":"<instance_members_initializer>","decl":{"start":{"line":13,"column":7},"end":{"line":40,"column":1}},"loc":{"start":{"line":13,"column":7},"end":{"line":40,"column":1}},"line":13},"1":{"name":"SearchResult","decl":{"start":{"line":20,"column":2},"end":{"line":27,"column":3}},"loc":{"start":{"line":20,"column":2},"end":{"line":27,"column":3}},"line":20},"2":{"name":"toJSON","decl":{"start":{"line":29,"column":2},"end":{"line":39,"column":3}},"loc":{"start":{"line":29,"column":2},"end":{"line":39,"column":3}},"line":29}},"f":{"0":22,"1":22,"2":6}}
,"/home/node/app/src/shared/domain/validators/class-validator-fields.ts": {"path":"/home/node/app/src/shared/domain/validators/class-validator-fields.ts","all":false,"statementMap":{"0":{"start":{"line":1,"column":0},"end":{"line":1,"column":47}},"1":{"start":{"line":2,"column":0},"end":{"line":2,"column":78}},"2":{"start":{"line":3,"column":0},"end":{"line":3,"column":0}},"3":{"start":{"line":4,"column":0},"end":{"line":4,"column":58}},"4":{"start":{"line":5,"column":0},"end":{"line":5,"column":47}},"5":{"start":{"line":6,"column":0},"end":{"line":6,"column":37}},"6":{"start":{"line":7,"column":0},"end":{"line":7,"column":47}},"7":{"start":{"line":8,"column":0},"end":{"line":8,"column":0}},"8":{"start":{"line":9,"column":0},"end":{"line":9,"column":32}},"9":{"start":{"line":10,"column":0},"end":{"line":10,"column":38}},"10":{"start":{"line":11,"column":0},"end":{"line":11,"column":24}},"11":{"start":{"line":12,"column":0},"end":{"line":12,"column":23}},"12":{"start":{"line":13,"column":0},"end":{"line":13,"column":35}},"13":{"start":{"line":14,"column":0},"end":{"line":14,"column":37}},"14":{"start":{"line":15,"column":0},"end":{"line":15,"column":63}},"15":{"start":{"line":16,"column":0},"end":{"line":16,"column":7}},"16":{"start":{"line":17,"column":0},"end":{"line":17,"column":12}},"17":{"start":{"line":18,"column":0},"end":{"line":18,"column":31}},"18":{"start":{"line":19,"column":0},"end":{"line":19,"column":5}},"19":{"start":{"line":20,"column":0},"end":{"line":20,"column":26}},"20":{"start":{"line":21,"column":0},"end":{"line":21,"column":3}},"21":{"start":{"line":22,"column":0},"end":{"line":22,"column":1}}},"s":{"0":1,"1":1,"2":1,"3":1,"4":31,"5":31,"6":31,"7":31,"8":31,"9":31,"10":31,"11":6,"12":6,"13":6,"14":6,"15":6,"16":31,"17":25,"18":25,"19":31,"20":31,"21":31},"branchMap":{"0":{"type":"branch","line":4,"loc":{"start":{"line":4,"column":7},"end":{"line":22,"column":1}},"locations":[{"start":{"line":4,"column":7},"end":{"line":22,"column":1}}]},"1":{"type":"branch","line":9,"loc":{"start":{"line":9,"column":2},"end":{"line":21,"column":3}},"locations":[{"start":{"line":9,"column":2},"end":{"line":21,"column":3}}]},"2":{"type":"branch","line":11,"loc":{"start":{"line":11,"column":23},"end":{"line":17,"column":11}},"locations":[{"start":{"line":11,"column":23},"end":{"line":17,"column":11}}]},"3":{"type":"branch","line":17,"loc":{"start":{"line":17,"column":4},"end":{"line":19,"column":5}},"locations":[{"start":{"line":17,"column":4},"end":{"line":19,"column":5}}]}},"b":{"0":[31],"1":[31],"2":[6],"3":[25]},"fnMap":{"0":{"name":"<instance_members_initializer>","decl":{"start":{"line":4,"column":7},"end":{"line":22,"column":1}},"loc":{"start":{"line":4,"column":7},"end":{"line":22,"column":1}},"line":4},"1":{"name":"validate","decl":{"start":{"line":9,"column":2},"end":{"line":21,"column":3}},"loc":{"start":{"line":9,"column":2},"end":{"line":21,"column":3}},"line":9}},"f":{"0":31,"1":31}}
,"/home/node/app/src/shared/domain/validators/validation.error.ts": {"path":"/home/node/app/src/shared/domain/validators/validation.error.ts","all":false,"statementMap":{"0":{"start":{"line":1,"column":0},"end":{"line":1,"column":60}},"1":{"start":{"line":2,"column":0},"end":{"line":2,"column":0}},"2":{"start":{"line":3,"column":0},"end":{"line":3,"column":50}},"3":{"start":{"line":4,"column":0},"end":{"line":4,"column":73}},"4":{"start":{"line":5,"column":0},"end":{"line":5,"column":19}},"5":{"start":{"line":6,"column":0},"end":{"line":6,"column":40}},"6":{"start":{"line":7,"column":0},"end":{"line":7,"column":3}},"7":{"start":{"line":8,"column":0},"end":{"line":8,"column":0}},"8":{"start":{"line":9,"column":0},"end":{"line":9,"column":11}},"9":{"start":{"line":10,"column":0},"end":{"line":10,"column":42}},"10":{"start":{"line":11,"column":0},"end":{"line":11,"column":3}},"11":{"start":{"line":12,"column":0},"end":{"line":12,"column":1}}},"s":{"0":1,"1":1,"2":1,"3":6,"4":6,"5":6,"6":6,"7":6,"8":6,"9":0,"10":0,"11":6},"branchMap":{"0":{"type":"branch","line":3,"loc":{"start":{"line":3,"column":7},"end":{"line":12,"column":1}},"locations":[{"start":{"line":3,"column":7},"end":{"line":12,"column":1}}]},"1":{"type":"branch","line":4,"loc":{"start":{"line":4,"column":2},"end":{"line":7,"column":3}},"locations":[{"start":{"line":4,"column":2},"end":{"line":7,"column":3}}]}},"b":{"0":[6],"1":[6]},"fnMap":{"0":{"name":"<instance_members_initializer>","decl":{"start":{"line":3,"column":7},"end":{"line":12,"column":1}},"loc":{"start":{"line":3,"column":7},"end":{"line":12,"column":1}},"line":3},"1":{"name":"EntityValidationError","decl":{"start":{"line":4,"column":2},"end":{"line":7,"column":3}},"loc":{"start":{"line":4,"column":2},"end":{"line":7,"column":3}},"line":4},"2":{"name":"count","decl":{"start":{"line":9,"column":2},"end":{"line":11,"column":3}},"loc":{"start":{"line":9,"column":2},"end":{"line":11,"column":3}},"line":9}},"f":{"0":6,"1":6,"2":0}}
,"/home/node/app/src/shared/domain/value-objects/uuid.vo.ts": {"path":"/home/node/app/src/shared/domain/value-objects/uuid.vo.ts","all":false,"statementMap":{"0":{"start":{"line":1,"column":0},"end":{"line":1,"column":46}},"1":{"start":{"line":2,"column":0},"end":{"line":2,"column":62}},"2":{"start":{"line":3,"column":0},"end":{"line":3,"column":0}},"3":{"start":{"line":4,"column":0},"end":{"line":4,"column":31}},"4":{"start":{"line":5,"column":0},"end":{"line":5,"column":80}},"5":{"start":{"line":6,"column":0},"end":{"line":6,"column":48}},"6":{"start":{"line":7,"column":0},"end":{"line":7,"column":39}},"7":{"start":{"line":8,"column":0},"end":{"line":8,"column":22}},"8":{"start":{"line":9,"column":0},"end":{"line":9,"column":28}},"9":{"start":{"line":10,"column":0},"end":{"line":10,"column":12}},"10":{"start":{"line":11,"column":0},"end":{"line":11,"column":29}},"11":{"start":{"line":12,"column":0},"end":{"line":12,"column":20}},"12":{"start":{"line":13,"column":0},"end":{"line":13,"column":3}},"13":{"start":{"line":14,"column":0},"end":{"line":14,"column":0}},"14":{"start":{"line":15,"column":0},"end":{"line":15,"column":22}},"15":{"start":{"line":16,"column":0},"end":{"line":16,"column":42}},"16":{"start":{"line":17,"column":0},"end":{"line":17,"column":16}},"17":{"start":{"line":18,"column":0},"end":{"line":18,"column":36}},"18":{"start":{"line":19,"column":0},"end":{"line":19,"column":3}},"19":{"start":{"line":20,"column":0},"end":{"line":20,"column":0}},"20":{"start":{"line":21,"column":0},"end":{"line":21,"column":19}},"21":{"start":{"line":22,"column":0},"end":{"line":22,"column":22}},"22":{"start":{"line":23,"column":0},"end":{"line":23,"column":3}},"23":{"start":{"line":24,"column":0},"end":{"line":24,"column":0}},"24":{"start":{"line":25,"column":0},"end":{"line":25,"column":14}},"25":{"start":{"line":26,"column":0},"end":{"line":26,"column":19}},"26":{"start":{"line":27,"column":0},"end":{"line":27,"column":3}},"27":{"start":{"line":28,"column":0},"end":{"line":28,"column":1}},"28":{"start":{"line":29,"column":0},"end":{"line":29,"column":0}},"29":{"start":{"line":30,"column":0},"end":{"line":30,"column":45}},"30":{"start":{"line":31,"column":0},"end":{"line":31,"column":33}},"31":{"start":{"line":32,"column":0},"end":{"line":32,"column":48}},"32":{"start":{"line":33,"column":0},"end":{"line":33,"column":35}},"33":{"start":{"line":34,"column":0},"end":{"line":34,"column":3}},"34":{"start":{"line":35,"column":0},"end":{"line":35,"column":1}}},"s":{"0":1,"1":1,"2":1,"3":1,"4":1,"5":1,"6":1,"7":71,"8":71,"9":71,"10":71,"11":71,"12":71,"13":71,"14":71,"15":71,"16":71,"17":71,"18":71,"19":71,"20":71,"21":29,"22":29,"23":71,"24":71,"25":4,"26":4,"27":71,"28":1,"29":1,"30":1,"31":2,"32":2,"33":2,"34":1},"branchMap":{"0":{"type":"branch","line":7,"loc":{"start":{"line":7,"column":7},"end":{"line":28,"column":1}},"locations":[{"start":{"line":7,"column":7},"end":{"line":28,"column":1}}]},"1":{"type":"branch","line":9,"loc":{"start":{"line":9,"column":2},"end":{"line":13,"column":3}},"locations":[{"start":{"line":9,"column":2},"end":{"line":13,"column":3}}]},"2":{"type":"branch","line":11,"loc":{"start":{"line":11,"column":14},"end":{"line":11,"column":29}},"locations":[{"start":{"line":11,"column":14},"end":{"line":11,"column":29}}]},"3":{"type":"branch","line":15,"loc":{"start":{"line":15,"column":10},"end":{"line":19,"column":3}},"locations":[{"start":{"line":15,"column":10},"end":{"line":19,"column":3}}]},"4":{"type":"branch","line":18,"loc":{"start":{"line":18,"column":8},"end":{"line":18,"column":36}},"locations":[{"start":{"line":18,"column":8},"end":{"line":18,"column":36}}]},"5":{"type":"branch","line":21,"loc":{"start":{"line":21,"column":9},"end":{"line":23,"column":3}},"locations":[{"start":{"line":21,"column":9},"end":{"line":23,"column":3}}]},"6":{"type":"branch","line":25,"loc":{"start":{"line":25,"column":2},"end":{"line":27,"column":3}},"locations":[{"start":{"line":25,"column":2},"end":{"line":27,"column":3}}]},"7":{"type":"branch","line":31,"loc":{"start":{"line":31,"column":2},"end":{"line":34,"column":3}},"locations":[{"start":{"line":31,"column":2},"end":{"line":34,"column":3}}]}},"b":{"0":[71],"1":[71],"2":[69],"3":[71],"4":[1],"5":[29],"6":[4],"7":[2]},"fnMap":{"0":{"name":"<instance_members_initializer>","decl":{"start":{"line":7,"column":7},"end":{"line":28,"column":1}},"loc":{"start":{"line":7,"column":7},"end":{"line":28,"column":1}},"line":7},"1":{"name":"Uuid","decl":{"start":{"line":9,"column":2},"end":{"line":13,"column":3}},"loc":{"start":{"line":9,"column":2},"end":{"line":13,"column":3}},"line":9},"2":{"name":"validate","decl":{"start":{"line":15,"column":10},"end":{"line":19,"column":3}},"loc":{"start":{"line":15,"column":10},"end":{"line":19,"column":3}},"line":15},"3":{"name":"create","decl":{"start":{"line":21,"column":9},"end":{"line":23,"column":3}},"loc":{"start":{"line":21,"column":9},"end":{"line":23,"column":3}},"line":21},"4":{"name":"toString","decl":{"start":{"line":25,"column":2},"end":{"line":27,"column":3}},"loc":{"start":{"line":25,"column":2},"end":{"line":27,"column":3}},"line":25},"5":{"name":"InvalidUuidError","decl":{"start":{"line":31,"column":2},"end":{"line":34,"column":3}},"loc":{"start":{"line":31,"column":2},"end":{"line":34,"column":3}},"line":31}},"f":{"0":71,"1":71,"2":71,"3":29,"4":4,"5":2}}
,"/home/node/app/src/shared/infra/db/in-memory/in-memory.repository.ts": {"path":"/home/node/app/src/shared/infra/db/in-memory/in-memory.repository.ts","all":false,"statementMap":{"0":{"start":{"line":1,"column":0},"end":{"line":1,"column":48}},"1":{"start":{"line":2,"column":0},"end":{"line":2,"column":71}},"2":{"start":{"line":3,"column":0},"end":{"line":3,"column":101}},"3":{"start":{"line":4,"column":0},"end":{"line":4,"column":87}},"4":{"start":{"line":5,"column":0},"end":{"line":5,"column":72}},"5":{"start":{"line":6,"column":0},"end":{"line":6,"column":59}},"6":{"start":{"line":7,"column":0},"end":{"line":7,"column":0}},"7":{"start":{"line":8,"column":0},"end":{"line":8,"column":88}},"8":{"start":{"line":9,"column":0},"end":{"line":9,"column":39}},"9":{"start":{"line":10,"column":0},"end":{"line":10,"column":0}},"10":{"start":{"line":11,"column":0},"end":{"line":11,"column":18}},"11":{"start":{"line":12,"column":0},"end":{"line":12,"column":0}},"12":{"start":{"line":13,"column":0},"end":{"line":13,"column":42}},"13":{"start":{"line":14,"column":0},"end":{"line":14,"column":28}},"14":{"start":{"line":15,"column":0},"end":{"line":15,"column":3}},"15":{"start":{"line":16,"column":0},"end":{"line":16,"column":0}},"16":{"start":{"line":17,"column":0},"end":{"line":17,"column":50}},"17":{"start":{"line":18,"column":0},"end":{"line":18,"column":33}},"18":{"start":{"line":19,"column":0},"end":{"line":19,"column":3}},"19":{"start":{"line":20,"column":0},"end":{"line":20,"column":0}},"20":{"start":{"line":21,"column":0},"end":{"line":21,"column":42}},"21":{"start":{"line":22,"column":0},"end":{"line":22,"column":89}},"22":{"start":{"line":23,"column":0},"end":{"line":23,"column":28}},"23":{"start":{"line":24,"column":0},"end":{"line":24,"column":66}},"24":{"start":{"line":25,"column":0},"end":{"line":25,"column":5}},"25":{"start":{"line":26,"column":0},"end":{"line":26,"column":36}},"26":{"start":{"line":27,"column":0},"end":{"line":27,"column":3}},"27":{"start":{"line":28,"column":0},"end":{"line":28,"column":0}},"28":{"start":{"line":29,"column":0},"end":{"line":29,"column":52}},"29":{"start":{"line":30,"column":0},"end":{"line":30,"column":82}},"30":{"start":{"line":31,"column":0},"end":{"line":31,"column":28}},"31":{"start":{"line":32,"column":0},"end":{"line":32,"column":59}},"32":{"start":{"line":33,"column":0},"end":{"line":33,"column":5}},"33":{"start":{"line":34,"column":0},"end":{"line":34,"column":37}},"34":{"start":{"line":35,"column":0},"end":{"line":35,"column":3}},"35":{"start":{"line":36,"column":0},"end":{"line":36,"column":0}},"36":{"start":{"line":37,"column":0},"end":{"line":37,"column":51}},"37":{"start":{"line":38,"column":0},"end":{"line":38,"column":71}},"38":{"start":{"line":39,"column":0},"end":{"line":39,"column":53}},"39":{"start":{"line":40,"column":0},"end":{"line":40,"column":3}},"40":{"start":{"line":41,"column":0},"end":{"line":41,"column":0}},"41":{"start":{"line":42,"column":0},"end":{"line":42,"column":33}},"42":{"start":{"line":43,"column":0},"end":{"line":43,"column":22}},"43":{"start":{"line":44,"column":0},"end":{"line":44,"column":3}},"44":{"start":{"line":45,"column":0},"end":{"line":45,"column":0}},"45":{"start":{"line":46,"column":0},"end":{"line":46,"column":50}},"46":{"start":{"line":47,"column":0},"end":{"line":47,"column":1}},"47":{"start":{"line":48,"column":0},"end":{"line":48,"column":0}},"48":{"start":{"line":49,"column":0},"end":{"line":49,"column":51}},"49":{"start":{"line":50,"column":0},"end":{"line":50,"column":19}},"50":{"start":{"line":51,"column":0},"end":{"line":51,"column":31}},"51":{"start":{"line":52,"column":0},"end":{"line":52,"column":17}},"52":{"start":{"line":53,"column":0},"end":{"line":53,"column":41}},"53":{"start":{"line":54,"column":0},"end":{"line":54,"column":57}},"54":{"start":{"line":55,"column":0},"end":{"line":55,"column":0}},"55":{"start":{"line":56,"column":0},"end":{"line":56,"column":32}},"56":{"start":{"line":57,"column":0},"end":{"line":57,"column":0}},"57":{"start":{"line":58,"column":0},"end":{"line":58,"column":76}},"58":{"start":{"line":59,"column":0},"end":{"line":59,"column":75}},"59":{"start":{"line":60,"column":0},"end":{"line":60,"column":82}},"60":{"start":{"line":61,"column":0},"end":{"line":61,"column":87}},"61":{"start":{"line":62,"column":0},"end":{"line":62,"column":0}},"62":{"start":{"line":63,"column":0},"end":{"line":63,"column":29}},"63":{"start":{"line":64,"column":0},"end":{"line":64,"column":28}},"64":{"start":{"line":65,"column":0},"end":{"line":65,"column":34}},"65":{"start":{"line":66,"column":0},"end":{"line":66,"column":31}},"66":{"start":{"line":67,"column":0},"end":{"line":67,"column":31}},"67":{"start":{"line":68,"column":0},"end":{"line":68,"column":7}},"68":{"start":{"line":69,"column":0},"end":{"line":69,"column":0}},"69":{"start":{"line":70,"column":0},"end":{"line":70,"column":3}},"70":{"start":{"line":71,"column":0},"end":{"line":71,"column":0}},"71":{"start":{"line":72,"column":0},"end":{"line":72,"column":82}},"72":{"start":{"line":73,"column":0},"end":{"line":73,"column":0}},"73":{"start":{"line":74,"column":0},"end":{"line":74,"column":103}},"74":{"start":{"line":75,"column":0},"end":{"line":75,"column":40}},"75":{"start":{"line":76,"column":0},"end":{"line":76,"column":35}},"76":{"start":{"line":77,"column":0},"end":{"line":77,"column":37}},"77":{"start":{"line":78,"column":0},"end":{"line":78,"column":3}},"78":{"start":{"line":79,"column":0},"end":{"line":79,"column":0}},"79":{"start":{"line":80,"column":0},"end":{"line":80,"column":22}},"80":{"start":{"line":81,"column":0},"end":{"line":81,"column":15}},"81":{"start":{"line":82,"column":0},"end":{"line":82,"column":24}},"82":{"start":{"line":83,"column":0},"end":{"line":83,"column":35}},"83":{"start":{"line":84,"column":0},"end":{"line":84,"column":51}},"84":{"start":{"line":85,"column":0},"end":{"line":85,"column":5}},"85":{"start":{"line":86,"column":0},"end":{"line":86,"column":55}},"86":{"start":{"line":87,"column":0},"end":{"line":87,"column":19}},"87":{"start":{"line":88,"column":0},"end":{"line":88,"column":5}},"88":{"start":{"line":89,"column":0},"end":{"line":89,"column":0}},"89":{"start":{"line":90,"column":0},"end":{"line":90,"column":48}},"90":{"start":{"line":91,"column":0},"end":{"line":91,"column":70}},"91":{"start":{"line":92,"column":0},"end":{"line":92,"column":70}},"92":{"start":{"line":93,"column":0},"end":{"line":93,"column":28}},"93":{"start":{"line":94,"column":0},"end":{"line":94,"column":43}},"94":{"start":{"line":95,"column":0},"end":{"line":95,"column":7}},"95":{"start":{"line":96,"column":0},"end":{"line":96,"column":0}},"96":{"start":{"line":97,"column":0},"end":{"line":97,"column":28}},"97":{"start":{"line":98,"column":0},"end":{"line":98,"column":43}},"98":{"start":{"line":99,"column":0},"end":{"line":99,"column":7}},"99":{"start":{"line":100,"column":0},"end":{"line":100,"column":0}},"100":{"start":{"line":101,"column":0},"end":{"line":101,"column":15}},"101":{"start":{"line":102,"column":0},"end":{"line":102,"column":7}},"102":{"start":{"line":103,"column":0},"end":{"line":103,"column":3}},"103":{"start":{"line":104,"column":0},"end":{"line":104,"column":0}},"104":{"start":{"line":105,"column":0},"end":{"line":105,"column":1}}},"s":{"0":1,"1":1,"2":1,"3":1,"4":1,"5":1,"6":1,"7":1,"8":24,"9":24,"10":24,"11":24,"12":24,"13":4,"14":4,"15":24,"16":24,"17":2,"18":2,"19":24,"20":24,"21":2,"22":2,"23":1,"24":1,"25":1,"26":1,"27":24,"28":24,"29":2,"30":2,"31":1,"32":1,"33":1,"34":1,"35":24,"36":24,"37":1,"38":1,"39":1,"40":24,"41":24,"42":1,"43":1,"44":24,"45":24,"46":24,"47":1,"48":1,"49":16,"50":16,"51":16,"52":16,"53":16,"54":16,"55":16,"56":16,"57":16,"58":9,"59":9,"60":9,"61":9,"62":9,"63":9,"64":9,"65":9,"66":9,"67":9,"68":9,"69":9,"70":16,"71":16,"72":16,"73":16,"74":13,"75":13,"76":13,"77":13,"78":16,"79":16,"80":16,"81":16,"82":16,"83":16,"84":16,"85":16,"86":5,"87":5,"88":11,"89":11,"90":52,"91":52,"92":52,"93":18,"94":18,"95":34,"96":34,"97":34,"98":34,"99":0,"100":0,"101":0,"102":11,"103":16,"104":16},"branchMap":{"0":{"type":"branch","line":8,"loc":{"start":{"line":8,"column":7},"end":{"line":47,"column":1}},"locations":[{"start":{"line":8,"column":7},"end":{"line":47,"column":1}}]},"1":{"type":"branch","line":13,"loc":{"start":{"line":13,"column":2},"end":{"line":15,"column":3}},"locations":[{"start":{"line":13,"column":2},"end":{"line":15,"column":3}}]},"2":{"type":"branch","line":17,"loc":{"start":{"line":17,"column":2},"end":{"line":19,"column":3}},"locations":[{"start":{"line":17,"column":2},"end":{"line":19,"column":3}}]},"3":{"type":"branch","line":21,"loc":{"start":{"line":21,"column":2},"end":{"line":27,"column":3}},"locations":[{"start":{"line":21,"column":2},"end":{"line":27,"column":3}}]},"4":{"type":"branch","line":23,"loc":{"start":{"line":23,"column":27},"end":{"line":27,"column":3}},"locations":[{"start":{"line":23,"column":27},"end":{"line":27,"column":3}}]},"5":{"type":"branch","line":22,"loc":{"start":{"line":22,"column":44},"end":{"line":22,"column":89}},"locations":[{"start":{"line":22,"column":44},"end":{"line":22,"column":89}}]},"6":{"type":"branch","line":29,"loc":{"start":{"line":29,"column":2},"end":{"line":35,"column":3}},"locations":[{"start":{"line":29,"column":2},"end":{"line":35,"column":3}}]},"7":{"type":"branch","line":31,"loc":{"start":{"line":31,"column":27},"end":{"line":35,"column":3}},"locations":[{"start":{"line":31,"column":27},"end":{"line":35,"column":3}}]},"8":{"type":"branch","line":30,"loc":{"start":{"line":30,"column":44},"end":{"line":30,"column":82}},"locations":[{"start":{"line":30,"column":44},"end":{"line":30,"column":82}}]},"9":{"type":"branch","line":37,"loc":{"start":{"line":37,"column":2},"end":{"line":40,"column":3}},"locations":[{"start":{"line":37,"column":2},"end":{"line":40,"column":3}}]},"10":{"type":"branch","line":39,"loc":{"start":{"line":39,"column":27},"end":{"line":39,"column":48}},"locations":[{"start":{"line":39,"column":27},"end":{"line":39,"column":48}}]},"11":{"type":"branch","line":38,"loc":{"start":{"line":38,"column":33},"end":{"line":38,"column":71}},"locations":[{"start":{"line":38,"column":33},"end":{"line":38,"column":71}}]},"12":{"type":"branch","line":42,"loc":{"start":{"line":42,"column":2},"end":{"line":44,"column":3}},"locations":[{"start":{"line":42,"column":2},"end":{"line":44,"column":3}}]},"13":{"type":"branch","line":49,"loc":{"start":{"line":49,"column":7},"end":{"line":105,"column":1}},"locations":[{"start":{"line":49,"column":7},"end":{"line":105,"column":1}}]},"14":{"type":"branch","line":58,"loc":{"start":{"line":58,"column":2},"end":{"line":70,"column":3}},"locations":[{"start":{"line":58,"column":2},"end":{"line":70,"column":3}}]},"15":{"type":"branch","line":74,"loc":{"start":{"line":74,"column":12},"end":{"line":78,"column":3}},"locations":[{"start":{"line":74,"column":12},"end":{"line":78,"column":3}}]},"16":{"type":"branch","line":80,"loc":{"start":{"line":80,"column":12},"end":{"line":103,"column":3}},"locations":[{"start":{"line":80,"column":12},"end":{"line":103,"column":3}}]},"17":{"type":"branch","line":86,"loc":{"start":{"line":86,"column":9},"end":{"line":86,"column":54}},"locations":[{"start":{"line":86,"column":9},"end":{"line":86,"column":54}}]},"18":{"type":"branch","line":86,"loc":{"start":{"line":86,"column":54},"end":{"line":88,"column":5}},"locations":[{"start":{"line":86,"column":54},"end":{"line":88,"column":5}}]},"19":{"type":"branch","line":88,"loc":{"start":{"line":88,"column":4},"end":{"line":103,"column":3}},"locations":[{"start":{"line":88,"column":4},"end":{"line":103,"column":3}}]},"20":{"type":"branch","line":90,"loc":{"start":{"line":90,"column":27},"end":{"line":102,"column":7}},"locations":[{"start":{"line":90,"column":27},"end":{"line":102,"column":7}}]},"21":{"type":"branch","line":91,"loc":{"start":{"line":91,"column":21},"end":{"line":91,"column":62}},"locations":[{"start":{"line":91,"column":21},"end":{"line":91,"column":62}}]},"22":{"type":"branch","line":92,"loc":{"start":{"line":92,"column":21},"end":{"line":92,"column":62}},"locations":[{"start":{"line":92,"column":21},"end":{"line":92,"column":62}}]},"23":{"type":"branch","line":93,"loc":{"start":{"line":93,"column":27},"end":{"line":95,"column":7}},"locations":[{"start":{"line":93,"column":27},"end":{"line":95,"column":7}}]},"24":{"type":"branch","line":94,"loc":{"start":{"line":94,"column":28},"end":{"line":94,"column":41}},"locations":[{"start":{"line":94,"column":28},"end":{"line":94,"column":41}}]},"25":{"type":"branch","line":94,"loc":{"start":{"line":94,"column":37},"end":{"line":94,"column":43}},"locations":[{"start":{"line":94,"column":37},"end":{"line":94,"column":43}}]},"26":{"type":"branch","line":95,"loc":{"start":{"line":95,"column":6},"end":{"line":99,"column":7}},"locations":[{"start":{"line":95,"column":6},"end":{"line":99,"column":7}}]},"27":{"type":"branch","line":98,"loc":{"start":{"line":98,"column":28},"end":{"line":98,"column":40}},"locations":[{"start":{"line":98,"column":28},"end":{"line":98,"column":40}}]},"28":{"type":"branch","line":98,"loc":{"start":{"line":98,"column":36},"end":{"line":98,"column":43}},"locations":[{"start":{"line":98,"column":36},"end":{"line":98,"column":43}}]},"29":{"type":"branch","line":99,"loc":{"start":{"line":99,"column":6},"end":{"line":102,"column":7}},"locations":[{"start":{"line":99,"column":6},"end":{"line":102,"column":7}}]}},"b":{"0":[24],"1":[4],"2":[2],"3":[2],"4":[1],"5":[1],"6":[2],"7":[1],"8":[2],"9":[1],"10":[0],"11":[1],"12":[1],"13":[16],"14":[9],"15":[13],"16":[16],"17":[12],"18":[5],"19":[11],"20":[52],"21":[0],"22":[0],"23":[18],"24":[11],"25":[7],"26":[34],"27":[16],"28":[18],"29":[0]},"fnMap":{"0":{"name":"<instance_members_initializer>","decl":{"start":{"line":8,"column":7},"end":{"line":47,"column":1}},"loc":{"start":{"line":8,"column":7},"end":{"line":47,"column":1}},"line":8},"1":{"name":"insert","decl":{"start":{"line":13,"column":2},"end":{"line":15,"column":3}},"loc":{"start":{"line":13,"column":2},"end":{"line":15,"column":3}},"line":13},"2":{"name":"bulkInsert","decl":{"start":{"line":17,"column":2},"end":{"line":19,"column":3}},"loc":{"start":{"line":17,"column":2},"end":{"line":19,"column":3}},"line":17},"3":{"name":"update","decl":{"start":{"line":21,"column":2},"end":{"line":27,"column":3}},"loc":{"start":{"line":21,"column":2},"end":{"line":27,"column":3}},"line":21},"4":{"name":"delete","decl":{"start":{"line":29,"column":2},"end":{"line":35,"column":3}},"loc":{"start":{"line":29,"column":2},"end":{"line":35,"column":3}},"line":29},"5":{"name":"findById","decl":{"start":{"line":37,"column":2},"end":{"line":40,"column":3}},"loc":{"start":{"line":37,"column":2},"end":{"line":40,"column":3}},"line":37},"6":{"name":"findAll","decl":{"start":{"line":42,"column":2},"end":{"line":44,"column":3}},"loc":{"start":{"line":42,"column":2},"end":{"line":44,"column":3}},"line":42},"7":{"name":"<instance_members_initializer>","decl":{"start":{"line":49,"column":7},"end":{"line":105,"column":1}},"loc":{"start":{"line":49,"column":7},"end":{"line":105,"column":1}},"line":49},"8":{"name":"search","decl":{"start":{"line":58,"column":2},"end":{"line":70,"column":3}},"loc":{"start":{"line":58,"column":2},"end":{"line":70,"column":3}},"line":58},"9":{"name":"applyPaginate","decl":{"start":{"line":74,"column":12},"end":{"line":78,"column":3}},"loc":{"start":{"line":74,"column":12},"end":{"line":78,"column":3}},"line":74},"10":{"name":"applySort","decl":{"start":{"line":80,"column":12},"end":{"line":103,"column":3}},"loc":{"start":{"line":80,"column":12},"end":{"line":103,"column":3}},"line":80}},"f":{"0":24,"1":4,"2":2,"3":2,"4":2,"5":1,"6":1,"7":16,"8":9,"9":13,"10":16}}
}
