TN:
SF:src/category/domain/category.entity.ts
FN:22,<instance_members_initializer>
FN:29,Category
FN:38,get entity_id
FN:44,create
FN:50,update
FN:55,changeName
FN:60,changeDescription
FN:65,activate
FN:69,deactivate
FN:73,validate
FN:80,toJSON
FNF:11
FNH:9
FNDA:29,<instance_members_initializer>
FNDA:29,Category
FNDA:0,get entity_id
FNDA:27,create
FNDA:1,update
FNDA:3,changeName
FNDA:1,changeDescription
FNDA:1,activate
FNDA:1,deactivate
FNDA:31,validate
FNDA:0,toJSON
DA:1,1
DA:2,1
DA:3,1
DA:4,1
DA:5,1
DA:6,1
DA:7,1
DA:8,1
DA:9,1
DA:10,1
DA:11,1
DA:12,1
DA:13,1
DA:14,1
DA:15,1
DA:16,1
DA:17,1
DA:18,1
DA:19,1
DA:20,1
DA:21,1
DA:22,1
DA:23,29
DA:24,29
DA:25,29
DA:26,29
DA:27,29
DA:28,29
DA:29,29
DA:30,29
DA:31,29
DA:32,29
DA:33,29
DA:34,29
DA:35,29
DA:36,29
DA:37,29
DA:38,29
DA:39,0
DA:40,0
DA:41,29
DA:42,29
DA:43,29
DA:44,29
DA:45,27
DA:46,27
DA:47,27
DA:48,27
DA:49,29
DA:50,29
DA:51,1
DA:52,1
DA:53,1
DA:54,29
DA:55,29
DA:56,3
DA:57,3
DA:58,3
DA:59,29
DA:60,29
DA:61,1
DA:62,1
DA:63,1
DA:64,29
DA:65,29
DA:66,1
DA:67,1
DA:68,29
DA:69,29
DA:70,1
DA:71,1
DA:72,29
DA:73,29
DA:74,31
DA:75,31
DA:76,31
DA:77,31
DA:78,31
DA:79,29
DA:80,29
DA:81,0
DA:82,0
DA:83,0
DA:84,0
DA:85,0
DA:86,29
DA:87,1
DA:88,1
LF:88
LH:81
BRDA:22,0,0,29
BRDA:29,1,0,29
BRDA:31,2,0,28
BRDA:33,3,0,23
BRDA:34,4,0,25
BRDA:35,5,0,23
BRDA:44,6,0,27
BRDA:50,7,0,1
BRDA:55,8,0,3
BRDA:60,9,0,1
BRDA:65,10,0,1
BRDA:69,11,0,1
BRDA:73,12,0,31
BRDA:77,13,0,6
BRF:14
BRH:14
end_of_record
TN:
SF:src/category/domain/category.validator.ts
FN:5,<instance_members_initializer>
FN:19,CategoryRules
FN:25,validate
FN:31,create
FNF:4
FNH:4
FNDA:31,<instance_members_initializer>
FNDA:31,CategoryRules
FNDA:31,validate
FNDA:31,create
DA:1,1
DA:2,1
DA:3,1
DA:4,1
DA:5,1
DA:6,31
DA:7,31
DA:8,31
DA:9,31
DA:10,31
DA:11,31
DA:12,31
DA:13,31
DA:14,31
DA:15,31
DA:16,31
DA:17,31
DA:18,31
DA:19,31
DA:20,31
DA:21,31
DA:22,31
DA:23,1
DA:24,1
DA:25,1
DA:26,31
DA:27,31
DA:28,1
DA:29,1
DA:30,1
DA:31,1
DA:32,31
DA:33,31
DA:34,1
LF:34
LH:34
BRDA:5,0,0,31
BRDA:19,1,0,31
BRDA:25,2,0,31
BRDA:31,3,0,31
BRF:4
BRH:4
end_of_record
TN:
SF:src/category/infra/db/category-in-memory.repository.ts
FN:7,<instance_members_initializer>
FN:14,applyFilter
FN:24,getEntity
FN:28,applySort
FNF:4
FNH:3
FNDA:4,<instance_members_initializer>
FNDA:2,applyFilter
FNDA:0,getEntity
FNDA:3,applySort
DA:1,1
DA:2,1
DA:3,1
DA:4,1
DA:5,1
DA:6,1
DA:7,1
DA:8,4
DA:9,4
DA:10,4
DA:11,4
DA:12,4
DA:13,4
DA:14,4
DA:15,2
DA:16,2
DA:17,1
DA:18,3
DA:19,3
DA:20,3
DA:21,3
DA:22,1
DA:23,4
DA:24,4
DA:25,0
DA:26,0
DA:27,4
DA:28,4
DA:29,3
DA:30,3
DA:31,3
DA:32,3
DA:33,3
DA:34,2
DA:35,1
DA:36,3
DA:37,4
LF:37
LH:35
BRDA:7,0,0,4
BRDA:14,1,0,2
BRDA:16,2,0,1
BRDA:17,3,0,3
BRDA:28,4,0,3
BRDA:33,5,0,2
BRDA:34,6,0,1
BRF:7
BRH:7
end_of_record
TN:
SF:src/shared/domain/entity.ts
FNF:0
FNH:0
DA:1,1
DA:2,1
DA:3,1
DA:4,1
DA:5,1
DA:6,1
LF:6
LH:6
BRF:0
BRH:0
end_of_record
TN:
SF:src/shared/domain/value-object.ts
FN:5,equals
FNF:1
FNH:1
FNDA:12,equals
DA:1,1
DA:2,1
DA:3,1
DA:4,1
DA:5,1
DA:6,12
DA:7,4
DA:8,4
DA:9,12
DA:10,0
DA:11,0
DA:12,8
DA:13,8
DA:14,1
DA:15,1
LF:15
LH:13
BRDA:5,0,0,12
BRDA:6,1,0,10
BRDA:6,2,0,8
BRDA:6,3,0,4
BRDA:9,4,0,0
BRDA:11,5,0,8
BRF:6
BRH:5
end_of_record
TN:
SF:src/shared/domain/errors/not-found.error.ts
FN:4,NotFoundError
FNF:1
FNH:1
FNDA:4,NotFoundError
DA:1,1
DA:2,1
DA:3,1
DA:4,1
DA:5,4
DA:6,4
DA:7,4
DA:8,4
DA:9,1
LF:9
LH:9
BRDA:4,0,0,4
BRDA:5,1,0,0
BRF:2
BRH:1
end_of_record
TN:
SF:src/shared/domain/repository/search-params.ts
FN:13,<instance_members_initializer>
FN:20,SearchParams
FN:29,get page
FN:33,set page
FN:43,get per_page
FN:47,set per_page
FN:61,get sort
FN:65,set sort
FN:70,get sort_dir
FN:74,set sort_dir
FN:83,get filter
FN:87,set filter
FNF:12
FNH:12
FNDA:68,<instance_members_initializer>
FNDA:68,SearchParams
FNDA:30,get page
FNDA:68,set page
FNDA:32,get per_page
FNDA:68,set per_page
FNDA:87,get sort
FNDA:68,set sort
FNDA:22,get sort_dir
FNDA:68,set sort_dir
FNDA:19,get filter
FNDA:68,set filter
DA:1,1
DA:2,1
DA:3,1
DA:4,1
DA:5,1
DA:6,1
DA:7,1
DA:8,1
DA:9,1
DA:10,1
DA:11,1
DA:12,1
DA:13,1
DA:14,68
DA:15,68
DA:16,68
DA:17,68
DA:18,68
DA:19,68
DA:20,68
DA:21,68
DA:22,68
DA:23,68
DA:24,68
DA:25,68
DA:26,68
DA:27,68
DA:28,68
DA:29,68
DA:30,30
DA:31,30
DA:32,68
DA:33,68
DA:34,68
DA:35,68
DA:36,68
DA:37,57
DA:38,57
DA:39,68
DA:40,68
DA:41,68
DA:42,68
DA:43,68
DA:44,32
DA:45,32
DA:46,68
DA:47,68
DA:48,68
DA:49,68
DA:50,68
DA:51,68
DA:52,18
DA:53,13
DA:54,68
DA:55,56
DA:56,56
DA:57,68
DA:58,68
DA:59,68
DA:60,68
DA:61,68
DA:62,87
DA:63,87
DA:64,68
DA:65,68
DA:66,68
DA:67,68
DA:68,68
DA:69,68
DA:70,68
DA:71,22
DA:72,22
DA:73,68
DA:74,68
DA:75,68
DA:76,44
DA:77,44
DA:78,44
DA:79,24
DA:80,68
DA:81,68
DA:82,68
DA:83,68
DA:84,19
DA:85,19
DA:86,68
DA:87,68
DA:88,68
DA:89,68
DA:90,58
DA:91,68
DA:92,68
DA:93,68
LF:93
LH:93
BRDA:13,0,0,68
BRDA:20,1,0,68
BRDA:29,2,0,30
BRDA:33,3,0,68
BRDA:36,4,0,16
BRDA:36,5,0,11
BRDA:36,6,0,57
BRDA:43,7,0,32
BRDA:47,8,0,68
BRDA:48,9,0,1
BRDA:48,10,0,67
BRDA:51,11,0,18
BRDA:52,12,0,13
BRDA:54,13,0,56
BRDA:61,14,0,87
BRDA:65,15,0,68
BRDA:67,16,0,67
BRDA:67,17,0,25
BRDA:67,18,0,44
BRDA:67,19,0,24
BRDA:70,20,0,22
BRDA:74,21,0,68
BRDA:75,22,0,44
BRDA:78,23,0,65
BRDA:78,24,0,24
BRDA:80,25,0,22
BRDA:80,26,0,18
BRDA:80,27,0,6
BRDA:83,28,0,19
BRDA:87,29,0,68
BRDA:89,30,0,67
BRDA:89,31,0,11
BRDA:89,32,0,58
BRDA:90,33,0,10
BRF:34
BRH:34
end_of_record
TN:
SF:src/shared/domain/repository/search-result.ts
FN:13,<instance_members_initializer>
FN:20,SearchResult
FN:29,toJSON
FNF:3
FNH:3
FNDA:22,<instance_members_initializer>
FNDA:22,SearchResult
FNDA:6,toJSON
DA:1,1
DA:2,1
DA:3,1
DA:4,1
DA:5,1
DA:6,1
DA:7,1
DA:8,1
DA:9,1
DA:10,1
DA:11,1
DA:12,1
DA:13,1
DA:14,22
DA:15,22
DA:16,22
DA:17,22
DA:18,22
DA:19,22
DA:20,22
DA:21,22
DA:22,22
DA:23,22
DA:24,22
DA:25,22
DA:26,22
DA:27,22
DA:28,22
DA:29,22
DA:30,6
DA:31,6
DA:32,4
DA:33,6
DA:34,6
DA:35,6
DA:36,6
DA:37,6
DA:38,6
DA:39,6
DA:40,22
LF:40
LH:40
BRDA:13,0,0,22
BRDA:20,1,0,22
BRDA:29,2,0,6
BRDA:31,3,0,4
BRDA:32,4,0,2
BRDA:32,5,0,8
BRF:6
BRH:6
end_of_record
TN:
SF:src/shared/domain/validators/class-validator-fields.ts
FN:4,<instance_members_initializer>
FN:9,validate
FNF:2
FNH:2
FNDA:31,<instance_members_initializer>
FNDA:31,validate
DA:1,1
DA:2,1
DA:3,1
DA:4,1
DA:5,31
DA:6,31
DA:7,31
DA:8,31
DA:9,31
DA:10,31
DA:11,31
DA:12,6
DA:13,6
DA:14,6
DA:15,6
DA:16,6
DA:17,31
DA:18,25
DA:19,25
DA:20,31
DA:21,31
DA:22,31
LF:22
LH:22
BRDA:4,0,0,31
BRDA:9,1,0,31
BRDA:11,2,0,6
BRDA:17,3,0,25
BRF:4
BRH:4
end_of_record
TN:
SF:src/shared/domain/validators/validation.error.ts
FN:3,<instance_members_initializer>
FN:4,EntityValidationError
FN:9,count
FNF:3
FNH:2
FNDA:6,<instance_members_initializer>
FNDA:6,EntityValidationError
FNDA:0,count
DA:1,1
DA:2,1
DA:3,1
DA:4,6
DA:5,6
DA:6,6
DA:7,6
DA:8,6
DA:9,6
DA:10,0
DA:11,0
DA:12,6
LF:12
LH:10
BRDA:3,0,0,6
BRDA:4,1,0,6
BRF:2
BRH:2
end_of_record
TN:
SF:src/shared/domain/value-objects/uuid.vo.ts
FN:7,<instance_members_initializer>
FN:9,Uuid
FN:15,validate
FN:21,create
FN:25,toString
FN:31,InvalidUuidError
FNF:6
FNH:6
FNDA:71,<instance_members_initializer>
FNDA:71,Uuid
FNDA:71,validate
FNDA:29,create
FNDA:4,toString
FNDA:2,InvalidUuidError
DA:1,1
DA:2,1
DA:3,1
DA:4,1
DA:5,1
DA:6,1
DA:7,1
DA:8,71
DA:9,71
DA:10,71
DA:11,71
DA:12,71
DA:13,71
DA:14,71
DA:15,71
DA:16,71
DA:17,71
DA:18,71
DA:19,71
DA:20,71
DA:21,71
DA:22,29
DA:23,29
DA:24,71
DA:25,71
DA:26,4
DA:27,4
DA:28,71
DA:29,1
DA:30,1
DA:31,1
DA:32,2
DA:33,2
DA:34,2
DA:35,1
LF:35
LH:35
BRDA:7,0,0,71
BRDA:9,1,0,71
BRDA:11,2,0,69
BRDA:15,3,0,71
BRDA:18,4,0,1
BRDA:21,5,0,29
BRDA:25,6,0,4
BRDA:31,7,0,2
BRF:8
BRH:8
end_of_record
TN:
SF:src/shared/infra/db/in-memory/in-memory.repository.ts
FN:8,<instance_members_initializer>
FN:13,insert
FN:17,bulkInsert
FN:21,update
FN:29,delete
FN:37,findById
FN:42,findAll
FN:49,<instance_members_initializer>
FN:58,search
FN:74,applyPaginate
FN:80,applySort
FNF:11
FNH:11
FNDA:24,<instance_members_initializer>
FNDA:4,insert
FNDA:2,bulkInsert
FNDA:2,update
FNDA:2,delete
FNDA:1,findById
FNDA:1,findAll
FNDA:16,<instance_members_initializer>
FNDA:9,search
FNDA:13,applyPaginate
FNDA:16,applySort
DA:1,1
DA:2,1
DA:3,1
DA:4,1
DA:5,1
DA:6,1
DA:7,1
DA:8,1
DA:9,24
DA:10,24
DA:11,24
DA:12,24
DA:13,24
DA:14,4
DA:15,4
DA:16,24
DA:17,24
DA:18,2
DA:19,2
DA:20,24
DA:21,24
DA:22,2
DA:23,2
DA:24,1
DA:25,1
DA:26,1
DA:27,1
DA:28,24
DA:29,24
DA:30,2
DA:31,2
DA:32,1
DA:33,1
DA:34,1
DA:35,1
DA:36,24
DA:37,24
DA:38,1
DA:39,1
DA:40,1
DA:41,24
DA:42,24
DA:43,1
DA:44,1
DA:45,24
DA:46,24
DA:47,24
DA:48,1
DA:49,1
DA:50,16
DA:51,16
DA:52,16
DA:53,16
DA:54,16
DA:55,16
DA:56,16
DA:57,16
DA:58,16
DA:59,9
DA:60,9
DA:61,9
DA:62,9
DA:63,9
DA:64,9
DA:65,9
DA:66,9
DA:67,9
DA:68,9
DA:69,9
DA:70,9
DA:71,16
DA:72,16
DA:73,16
DA:74,16
DA:75,13
DA:76,13
DA:77,13
DA:78,13
DA:79,16
DA:80,16
DA:81,16
DA:82,16
DA:83,16
DA:84,16
DA:85,16
DA:86,16
DA:87,5
DA:88,5
DA:89,11
DA:90,11
DA:91,52
DA:92,52
DA:93,52
DA:94,18
DA:95,18
DA:96,34
DA:97,34
DA:98,34
DA:99,34
DA:100,0
DA:101,0
DA:102,0
DA:103,11
DA:104,16
DA:105,16
LF:105
LH:102
BRDA:8,0,0,24
BRDA:13,1,0,4
BRDA:17,2,0,2
BRDA:21,3,0,2
BRDA:23,4,0,1
BRDA:22,5,0,1
BRDA:29,6,0,2
BRDA:31,7,0,1
BRDA:30,8,0,2
BRDA:37,9,0,1
BRDA:39,10,0,0
BRDA:38,11,0,1
BRDA:42,12,0,1
BRDA:49,13,0,16
BRDA:58,14,0,9
BRDA:74,15,0,13
BRDA:80,16,0,16
BRDA:86,17,0,12
BRDA:86,18,0,5
BRDA:88,19,0,11
BRDA:90,20,0,52
BRDA:91,21,0,0
BRDA:92,22,0,0
BRDA:93,23,0,18
BRDA:94,24,0,11
BRDA:94,25,0,7
BRDA:95,26,0,34
BRDA:98,27,0,16
BRDA:98,28,0,18
BRDA:99,29,0,0
BRF:30
BRH:26
end_of_record
