TN:
SF:src/category/domain/category-fake.builder.ts
FN:8,<instance_members_initializer>
FN:12,_name
FN:14,_description
FN:17,_is_active
FN:23,aCategory
FN:27,theCategories
FN:33,CategoryFakeBuilder
FN:38,withCategoryId
FN:43,withName
FN:48,withDescription
FN:53,activate
FN:58,deactivate
FN:63,withCreatedAt
FN:68,withInvalidNameTooLong
FN:73,build
FN:94,get category_id
FN:98,get name
FN:102,get description
FN:106,get is_active
FN:110,get created_at
FN:114,getValue
FN:125,callFactory
FNF:22
FNH:22
FNDA:24,<instance_members_initializer>
FNDA:16,_name
FNDA:26,_description
FNDA:29,_is_active
FNDA:19,aCategory
FNDA:5,theCategories
FNDA:24,CategoryFakeBuilder
FNDA:6,withCategoryId
FNDA:16,withName
FNDA:6,withDescription
FNDA:1,activate
FNDA:3,deactivate
FNDA:10,withCreatedAt
FNDA:2,withInvalidNameTooLong
FNDA:26,build
FNDA:2,get category_id
FNDA:1,get name
FNDA:1,get description
FNDA:2,get is_active
FNDA:2,get created_at
FNDA:8,getValue
FNDA:118,callFactory
DA:1,1
DA:2,1
DA:3,1
DA:4,1
DA:5,1
DA:6,1
DA:7,1
DA:8,1
DA:9,24
DA:10,24
DA:11,24
DA:12,24
DA:13,24
DA:14,24
DA:15,26
DA:16,24
DA:17,24
DA:18,24
DA:19,24
DA:20,24
DA:21,24
DA:22,24
DA:23,24
DA:24,19
DA:25,19
DA:26,24
DA:27,24
DA:28,5
DA:29,5
DA:30,24
DA:31,24
DA:32,24
DA:33,24
DA:34,24
DA:35,24
DA:36,24
DA:37,24
DA:38,24
DA:39,6
DA:40,6
DA:41,6
DA:42,24
DA:43,24
DA:44,16
DA:45,16
DA:46,16
DA:47,24
DA:48,24
DA:49,6
DA:50,6
DA:51,6
DA:52,24
DA:53,24
DA:54,1
DA:55,1
DA:56,1
DA:57,24
DA:58,24
DA:59,3
DA:60,3
DA:61,3
DA:62,24
DA:63,24
DA:64,10
DA:65,10
DA:66,10
DA:67,24
DA:68,24
DA:69,2
DA:70,2
DA:71,2
DA:72,24
DA:73,24
DA:74,26
DA:75,26
DA:76,26
DA:77,32
DA:78,32
DA:79,26
DA:80,6
DA:81,32
DA:82,32
DA:83,32
DA:84,32
DA:85,10
DA:86,32
DA:87,32
DA:88,32
DA:89,32
DA:90,32
DA:91,26
DA:92,26
DA:93,24
DA:94,24
DA:95,2
DA:96,2
DA:97,24
DA:98,24
DA:99,1
DA:100,1
DA:101,24
DA:102,24
DA:103,1
DA:104,1
DA:105,24
DA:106,24
DA:107,2
DA:108,2
DA:109,24
DA:110,24
DA:111,2
DA:112,2
DA:113,24
DA:114,24
DA:115,8
DA:116,8
DA:117,8
DA:118,2
DA:119,2
DA:120,2
DA:121,2
DA:122,6
DA:123,6
DA:124,24
DA:125,24
DA:126,118
DA:127,87
DA:128,31
DA:129,118
DA:130,24
LF:130
LH:130
BRDA:8,0,0,24
BRDA:12,1,0,16
BRDA:14,2,0,26
BRDA:17,3,0,29
BRDA:23,4,0,19
BRDA:27,5,0,5
BRDA:33,6,0,24
BRDA:38,7,0,6
BRDA:43,8,0,16
BRDA:48,9,0,6
BRDA:53,10,0,1
BRDA:58,11,0,3
BRDA:63,12,0,10
BRDA:68,13,0,2
BRDA:69,14,0,1
BRDA:73,15,0,26
BRDA:91,16,0,20
BRDA:91,17,0,6
BRDA:76,18,0,32
BRDA:79,19,0,26
BRDA:79,20,0,6
BRDA:84,21,0,10
BRDA:94,22,0,2
BRDA:98,23,0,1
BRDA:102,24,0,1
BRDA:106,25,0,2
BRDA:110,26,0,2
BRDA:114,27,0,8
BRDA:117,28,0,3
BRDA:117,29,0,2
BRDA:121,30,0,6
BRDA:125,31,0,118
BRDA:126,32,0,87
BRDA:127,33,0,31
BRF:34
BRH:34
end_of_record
TN:
SF:src/category/domain/category.entity.ts
FN:23,<instance_members_initializer>
FN:30,Category
FN:39,get entity_id
FN:45,create
FN:51,update
FN:56,changeName
FN:61,changeDescription
FN:66,activate
FN:70,deactivate
FN:74,validate
FN:81,fake
FN:85,toJSON
FNF:12
FNH:10
FNDA:50,<instance_members_initializer>
FNDA:50,Category
FNDA:0,get entity_id
FNDA:16,create
FNDA:1,update
FNDA:3,changeName
FNDA:1,changeDescription
FNDA:1,activate
FNDA:1,deactivate
FNDA:20,validate
FNDA:12,fake
FNDA:0,toJSON
DA:1,1
DA:2,1
DA:3,1
DA:4,1
DA:5,1
DA:6,1
DA:7,1
DA:8,1
DA:9,1
DA:10,1
DA:11,1
DA:12,1
DA:13,1
DA:14,1
DA:15,1
DA:16,1
DA:17,1
DA:18,1
DA:19,1
DA:20,1
DA:21,1
DA:22,1
DA:23,1
DA:24,50
DA:25,50
DA:26,50
DA:27,50
DA:28,50
DA:29,50
DA:30,50
DA:31,50
DA:32,50
DA:33,50
DA:34,50
DA:35,50
DA:36,50
DA:37,50
DA:38,50
DA:39,50
DA:40,0
DA:41,0
DA:42,50
DA:43,50
DA:44,50
DA:45,50
DA:46,16
DA:47,16
DA:48,16
DA:49,16
DA:50,50
DA:51,50
DA:52,1
DA:53,1
DA:54,1
DA:55,50
DA:56,50
DA:57,3
DA:58,3
DA:59,3
DA:60,50
DA:61,50
DA:62,1
DA:63,1
DA:64,1
DA:65,50
DA:66,50
DA:67,1
DA:68,1
DA:69,50
DA:70,50
DA:71,1
DA:72,1
DA:73,50
DA:74,50
DA:75,20
DA:76,20
DA:77,20
DA:78,20
DA:79,20
DA:80,50
DA:81,50
DA:82,12
DA:83,12
DA:84,50
DA:85,50
DA:86,0
DA:87,0
DA:88,0
DA:89,0
DA:90,0
DA:91,50
DA:92,1
DA:93,1
LF:93
LH:86
BRDA:23,0,0,50
BRDA:30,1,0,50
BRDA:32,2,0,43
BRDA:34,3,0,12
BRDA:35,4,0,14
BRDA:36,5,0,38
BRDA:45,6,0,16
BRDA:51,7,0,1
BRDA:56,8,0,3
BRDA:61,9,0,1
BRDA:66,10,0,1
BRDA:70,11,0,1
BRDA:74,12,0,20
BRDA:78,13,0,6
BRDA:81,14,0,12
BRF:15
BRH:15
end_of_record
TN:
SF:src/category/domain/category.validator.ts
FN:5,<instance_members_initializer>
FN:19,CategoryRules
FN:25,validate
FN:31,create
FNF:4
FNH:4
FNDA:52,<instance_members_initializer>
FNDA:52,CategoryRules
FNDA:52,validate
FNDA:20,create
DA:1,1
DA:2,1
DA:3,1
DA:4,1
DA:5,1
DA:6,52
DA:7,52
DA:8,52
DA:9,52
DA:10,52
DA:11,52
DA:12,52
DA:13,52
DA:14,52
DA:15,52
DA:16,52
DA:17,52
DA:18,52
DA:19,52
DA:20,52
DA:21,52
DA:22,52
DA:23,1
DA:24,1
DA:25,1
DA:26,52
DA:27,52
DA:28,1
DA:29,1
DA:30,1
DA:31,1
DA:32,20
DA:33,20
DA:34,1
LF:34
LH:34
BRDA:5,0,0,52
BRDA:19,1,0,52
BRDA:25,2,0,52
BRDA:31,3,0,20
BRF:4
BRH:4
end_of_record
TN:
SF:src/category/infra/db/in-memory/category-in-memory.repository.ts
FN:6,<instance_members_initializer>
FN:13,applyFilter
FN:23,getEntity
FN:27,applySort
FNF:4
FNH:3
FNDA:4,<instance_members_initializer>
FNDA:2,applyFilter
FNDA:0,getEntity
FNDA:3,applySort
DA:1,1
DA:2,1
DA:3,1
DA:4,1
DA:5,1
DA:6,1
DA:7,4
DA:8,4
DA:9,4
DA:10,4
DA:11,4
DA:12,4
DA:13,4
DA:14,2
DA:15,2
DA:16,1
DA:17,3
DA:18,3
DA:19,3
DA:20,3
DA:21,1
DA:22,4
DA:23,4
DA:24,0
DA:25,0
DA:26,4
DA:27,4
DA:28,3
DA:29,3
DA:30,3
DA:31,3
DA:32,3
DA:33,2
DA:34,1
DA:35,3
DA:36,4
LF:36
LH:34
BRDA:6,0,0,4
BRDA:13,1,0,2
BRDA:15,2,0,1
BRDA:16,3,0,3
BRDA:27,4,0,3
BRDA:32,5,0,2
BRDA:33,6,0,1
BRF:7
BRH:7
end_of_record
TN:
SF:src/category/infra/db/sequelize/category.model.ts
FNF:0
FNH:0
DA:1,1
DA:2,1
DA:3,1
DA:4,1
DA:5,1
DA:6,1
DA:7,1
DA:8,1
DA:9,1
DA:10,1
DA:11,1
DA:12,1
DA:13,1
DA:14,1
DA:15,1
DA:16,1
DA:17,1
DA:18,1
DA:19,1
DA:20,1
LF:20
LH:20
BRF:0
BRH:0
end_of_record
TN:
SF:src/shared/domain/entity.ts
FNF:0
FNH:0
DA:1,1
DA:2,1
DA:3,1
DA:4,1
DA:5,1
DA:6,1
LF:6
LH:6
BRF:0
BRH:0
end_of_record
TN:
SF:src/shared/domain/value-object.ts
FN:5,equals
FNF:1
FNH:1
FNDA:12,equals
DA:1,1
DA:2,1
DA:3,1
DA:4,1
DA:5,1
DA:6,12
DA:7,4
DA:8,4
DA:9,12
DA:10,0
DA:11,0
DA:12,8
DA:13,8
DA:14,1
DA:15,1
LF:15
LH:13
BRDA:5,0,0,12
BRDA:6,1,0,10
BRDA:6,2,0,8
BRDA:6,3,0,4
BRDA:9,4,0,0
BRDA:11,5,0,8
BRF:6
BRH:5
end_of_record
TN:
SF:src/shared/domain/errors/not-found.error.ts
FN:4,NotFoundError
FNF:1
FNH:1
FNDA:4,NotFoundError
DA:1,1
DA:2,1
DA:3,1
DA:4,1
DA:5,4
DA:6,4
DA:7,4
DA:8,4
DA:9,1
LF:9
LH:9
BRDA:4,0,0,4
BRDA:5,1,0,0
BRF:2
BRH:1
end_of_record
TN:
SF:src/shared/domain/repository/search-params.ts
FN:13,<instance_members_initializer>
FN:20,SearchParams
FN:29,get page
FN:33,set page
FN:43,get per_page
FN:47,set per_page
FN:61,get sort
FN:65,set sort
FN:70,get sort_dir
FN:74,set sort_dir
FN:83,get filter
FN:87,set filter
FNF:12
FNH:12
FNDA:68,<instance_members_initializer>
FNDA:68,SearchParams
FNDA:30,get page
FNDA:68,set page
FNDA:32,get per_page
FNDA:68,set per_page
FNDA:87,get sort
FNDA:68,set sort
FNDA:22,get sort_dir
FNDA:68,set sort_dir
FNDA:19,get filter
FNDA:68,set filter
DA:1,1
DA:2,1
DA:3,1
DA:4,1
DA:5,1
DA:6,1
DA:7,1
DA:8,1
DA:9,1
DA:10,1
DA:11,1
DA:12,1
DA:13,1
DA:14,68
DA:15,68
DA:16,68
DA:17,68
DA:18,68
DA:19,68
DA:20,68
DA:21,68
DA:22,68
DA:23,68
DA:24,68
DA:25,68
DA:26,68
DA:27,68
DA:28,68
DA:29,68
DA:30,30
DA:31,30
DA:32,68
DA:33,68
DA:34,68
DA:35,68
DA:36,68
DA:37,57
DA:38,57
DA:39,68
DA:40,68
DA:41,68
DA:42,68
DA:43,68
DA:44,32
DA:45,32
DA:46,68
DA:47,68
DA:48,68
DA:49,68
DA:50,68
DA:51,68
DA:52,18
DA:53,13
DA:54,68
DA:55,56
DA:56,56
DA:57,68
DA:58,68
DA:59,68
DA:60,68
DA:61,68
DA:62,87
DA:63,87
DA:64,68
DA:65,68
DA:66,68
DA:67,68
DA:68,68
DA:69,68
DA:70,68
DA:71,22
DA:72,22
DA:73,68
DA:74,68
DA:75,68
DA:76,44
DA:77,44
DA:78,44
DA:79,24
DA:80,68
DA:81,68
DA:82,68
DA:83,68
DA:84,19
DA:85,19
DA:86,68
DA:87,68
DA:88,68
DA:89,68
DA:90,58
DA:91,68
DA:92,68
DA:93,68
LF:93
LH:93
BRDA:13,0,0,68
BRDA:20,1,0,68
BRDA:29,2,0,30
BRDA:33,3,0,68
BRDA:36,4,0,16
BRDA:36,5,0,11
BRDA:36,6,0,57
BRDA:43,7,0,32
BRDA:47,8,0,68
BRDA:48,9,0,1
BRDA:48,10,0,67
BRDA:51,11,0,18
BRDA:52,12,0,13
BRDA:54,13,0,56
BRDA:61,14,0,87
BRDA:65,15,0,68
BRDA:67,16,0,67
BRDA:67,17,0,25
BRDA:67,18,0,44
BRDA:67,19,0,24
BRDA:70,20,0,22
BRDA:74,21,0,68
BRDA:75,22,0,44
BRDA:78,23,0,65
BRDA:78,24,0,24
BRDA:80,25,0,22
BRDA:80,26,0,18
BRDA:80,27,0,6
BRDA:83,28,0,19
BRDA:87,29,0,68
BRDA:89,30,0,67
BRDA:89,31,0,11
BRDA:89,32,0,58
BRDA:90,33,0,10
BRF:34
BRH:34
end_of_record
TN:
SF:src/shared/domain/repository/search-result.ts
FN:13,<instance_members_initializer>
FN:20,SearchResult
FN:29,toJSON
FNF:3
FNH:3
FNDA:22,<instance_members_initializer>
FNDA:22,SearchResult
FNDA:6,toJSON
DA:1,1
DA:2,1
DA:3,1
DA:4,1
DA:5,1
DA:6,1
DA:7,1
DA:8,1
DA:9,1
DA:10,1
DA:11,1
DA:12,1
DA:13,1
DA:14,22
DA:15,22
DA:16,22
DA:17,22
DA:18,22
DA:19,22
DA:20,22
DA:21,22
DA:22,22
DA:23,22
DA:24,22
DA:25,22
DA:26,22
DA:27,22
DA:28,22
DA:29,22
DA:30,6
DA:31,6
DA:32,4
DA:33,6
DA:34,6
DA:35,6
DA:36,6
DA:37,6
DA:38,6
DA:39,6
DA:40,22
LF:40
LH:40
BRDA:13,0,0,22
BRDA:20,1,0,22
BRDA:29,2,0,6
BRDA:31,3,0,4
BRDA:32,4,0,2
BRDA:32,5,0,8
BRF:6
BRH:6
end_of_record
TN:
SF:src/shared/domain/validators/class-validator-fields.ts
FN:4,<instance_members_initializer>
FN:9,validate
FNF:2
FNH:2
FNDA:52,<instance_members_initializer>
FNDA:52,validate
DA:1,1
DA:2,1
DA:3,1
DA:4,1
DA:5,52
DA:6,52
DA:7,52
DA:8,52
DA:9,52
DA:10,52
DA:11,52
DA:12,6
DA:13,6
DA:14,6
DA:15,6
DA:16,6
DA:17,52
DA:18,46
DA:19,46
DA:20,52
DA:21,52
DA:22,52
LF:22
LH:22
BRDA:4,0,0,52
BRDA:9,1,0,52
BRDA:11,2,0,6
BRDA:17,3,0,46
BRF:4
BRH:4
end_of_record
TN:
SF:src/shared/domain/validators/validation.error.ts
FN:3,<instance_members_initializer>
FN:4,EntityValidationError
FN:9,count
FNF:3
FNH:2
FNDA:6,<instance_members_initializer>
FNDA:6,EntityValidationError
FNDA:0,count
DA:1,1
DA:2,1
DA:3,1
DA:4,6
DA:5,6
DA:6,6
DA:7,6
DA:8,6
DA:9,6
DA:10,0
DA:11,0
DA:12,6
LF:12
LH:10
BRDA:3,0,0,6
BRDA:4,1,0,6
BRF:2
BRH:2
end_of_record
TN:
SF:src/shared/domain/value-objects/uuid.vo.ts
FN:7,<instance_members_initializer>
FN:9,Uuid
FN:15,validate
FN:21,create
FN:25,toString
FN:31,InvalidUuidError
FNF:6
FNH:6
FNDA:91,<instance_members_initializer>
FNDA:91,Uuid
FNDA:91,validate
FNDA:44,create
FNDA:4,toString
FNDA:2,InvalidUuidError
DA:1,1
DA:2,1
DA:3,1
DA:4,1
DA:5,1
DA:6,1
DA:7,1
DA:8,91
DA:9,91
DA:10,91
DA:11,91
DA:12,91
DA:13,91
DA:14,91
DA:15,91
DA:16,91
DA:17,91
DA:18,91
DA:19,91
DA:20,91
DA:21,91
DA:22,44
DA:23,44
DA:24,91
DA:25,91
DA:26,4
DA:27,4
DA:28,91
DA:29,1
DA:30,1
DA:31,1
DA:32,2
DA:33,2
DA:34,2
DA:35,1
LF:35
LH:35
BRDA:7,0,0,91
BRDA:9,1,0,91
BRDA:11,2,0,89
BRDA:15,3,0,91
BRDA:18,4,0,1
BRDA:21,5,0,44
BRDA:25,6,0,4
BRDA:31,7,0,2
BRF:8
BRH:8
end_of_record
TN:
SF:src/shared/infra/db/in-memory/in-memory.repository.ts
FN:8,<instance_members_initializer>
FN:13,insert
FN:17,bulkInsert
FN:21,update
FN:29,delete
FN:37,findById
FN:42,findAll
FN:49,<instance_members_initializer>
FN:58,search
FN:74,applyPaginate
FN:80,applySort
FNF:11
FNH:11
FNDA:24,<instance_members_initializer>
FNDA:4,insert
FNDA:2,bulkInsert
FNDA:2,update
FNDA:2,delete
FNDA:1,findById
FNDA:1,findAll
FNDA:16,<instance_members_initializer>
FNDA:9,search
FNDA:13,applyPaginate
FNDA:16,applySort
DA:1,1
DA:2,1
DA:3,1
DA:4,1
DA:5,1
DA:6,1
DA:7,1
DA:8,1
DA:9,24
DA:10,24
DA:11,24
DA:12,24
DA:13,24
DA:14,4
DA:15,4
DA:16,24
DA:17,24
DA:18,2
DA:19,2
DA:20,24
DA:21,24
DA:22,2
DA:23,2
DA:24,1
DA:25,1
DA:26,1
DA:27,1
DA:28,24
DA:29,24
DA:30,2
DA:31,2
DA:32,1
DA:33,1
DA:34,1
DA:35,1
DA:36,24
DA:37,24
DA:38,1
DA:39,1
DA:40,1
DA:41,24
DA:42,24
DA:43,1
DA:44,1
DA:45,24
DA:46,24
DA:47,24
DA:48,1
DA:49,1
DA:50,16
DA:51,16
DA:52,16
DA:53,16
DA:54,16
DA:55,16
DA:56,16
DA:57,16
DA:58,16
DA:59,9
DA:60,9
DA:61,9
DA:62,9
DA:63,9
DA:64,9
DA:65,9
DA:66,9
DA:67,9
DA:68,9
DA:69,9
DA:70,9
DA:71,16
DA:72,16
DA:73,16
DA:74,16
DA:75,13
DA:76,13
DA:77,13
DA:78,13
DA:79,16
DA:80,16
DA:81,16
DA:82,16
DA:83,16
DA:84,16
DA:85,16
DA:86,16
DA:87,5
DA:88,5
DA:89,11
DA:90,11
DA:91,52
DA:92,52
DA:93,52
DA:94,18
DA:95,18
DA:96,34
DA:97,34
DA:98,34
DA:99,34
DA:100,0
DA:101,0
DA:102,0
DA:103,11
DA:104,16
DA:105,16
LF:105
LH:102
BRDA:8,0,0,24
BRDA:13,1,0,4
BRDA:17,2,0,2
BRDA:21,3,0,2
BRDA:23,4,0,1
BRDA:22,5,0,1
BRDA:29,6,0,2
BRDA:31,7,0,1
BRDA:30,8,0,2
BRDA:37,9,0,1
BRDA:39,10,0,0
BRDA:38,11,0,1
BRDA:42,12,0,1
BRDA:49,13,0,16
BRDA:58,14,0,9
BRDA:74,15,0,13
BRDA:80,16,0,16
BRDA:86,17,0,12
BRDA:86,18,0,5
BRDA:88,19,0,11
BRDA:90,20,0,52
BRDA:91,21,0,0
BRDA:92,22,0,0
BRDA:93,23,0,18
BRDA:94,24,0,11
BRDA:94,25,0,7
BRDA:95,26,0,34
BRDA:98,27,0,16
BRDA:98,28,0,18
BRDA:99,29,0,0
BRF:30
BRH:26
end_of_record
